GCCcore/11.2.0
zlib/1.2.11-GCCcore-11.2.0
binutils/2.37-GCCcore-11.2.0
bzip2/1.0.8-GCCcore-11.2.0
zlib/1.2.11-GCCcore-11.2.0
ncurses/6.2-GCCcore-11.2.0
libreadline/8.1-GCCcore-11.2.0
ncurses/6.2-GCCcore-11.2.0
Tcl/8.6.11-GCCcore-11.2.0
SQLite/3.36-GCCcore-11.2.0
XZ/5.2.5-GCCcore-11.2.0
GMP/6.2.1-GCCcore-11.2.0
libffi/3.4.2-GCCcore-11.2.0
OpenSSL/1.1
Python/3.9.6-GCCcore-11.2.0
GCC/11.2.0
numactl/2.0.14-GCCcore-11.2.0
libxml2/2.9.10-GCCcore-11.2.0
libpciaccess/0.16-GCCcore-11.2.0
hwloc/2.5.0-GCCcore-11.2.0
libevent/2.1.12-GCCcore-11.2.0
UCX/1.11.2-GCCcore-11.2.0
libfabric/1.13.2-GCCcore-11.2.0
PMIx/4.1.0-GCCcore-11.2.0
OpenMPI/4.1.1-GCC-11.2.0
OpenBLAS/0.3.18-GCC-11.2.0
FlexiBLAS/3.0.4-GCC-11.2.0
gompi/2021b
FFTW/3.3.10-gompi-2021b
ScaLAPACK/2.1.0-gompi-2021b-fb
foss/2021b
pybind11/2.7.1-GCCcore-11.2.0
SciPy-bundle/2021.10-foss-2021b
libxslt/1.1.34-GCCcore-11.2.0
libpng/1.6.37-GCCcore-11.2.0
Brotli/1.0.9-GCCcore-11.2.0
freetype/2.11.0-GCCcore-11.2.0
expat/2.4.1-GCCcore-11.2.0
util-linux/2.37-GCCcore-11.2.0
fontconfig/2.13.94-GCCcore-11.2.0
xorg-macros/1.19.3-GCCcore-11.2.0
X11/20210802-GCCcore-11.2.0
Tk/8.6.11-GCCcore-11.2.0
Tkinter/3.9.6-GCCcore-11.2.0
NASM/2.15.05-GCCcore-11.2.0
libjpeg-turbo/2.0.6-GCCcore-11.2.0
jbigkit/2.1-GCCcore-11.2.0
gzip/1.10-GCCcore-11.2.0
lz4/1.9.3-GCCcore-11.2.0
zstd/1.5.0-GCCcore-11.2.0
LibTIFF/4.3.0-GCCcore-11.2.0
Pillow/8.3.2-GCCcore-11.2.0
Qhull/2020.2-GCCcore-11.2.0
matplotlib/3.4.3-foss-2021b
tqdm/4.62.3-GCCcore-11.2.0
scikit-learn/1.0.1-foss-2021b
LLVM/12.0.1-GCCcore-11.2.0
numba/0.54.1-foss-2021b
pydicom/2.2.2-GCCcore-11.2.0
NiBabel/3.2.2-foss-2021b
Szip/2.1.1-GCCcore-11.2.0
HDF5/1.12.1-gompi-2021b
h5py/3.6.0-foss-2021b
imageio/2.13.5-foss-2021b
libdrm/2.4.107-GCCcore-11.2.0
libglvnd/1.3.3-GCCcore-11.2.0
libunwind/1.5.0-GCCcore-11.2.0
Mesa/21.1.7-GCCcore-11.2.0
libGLU/9.0.2-GCCcore-11.2.0
VTK/9.1.0-foss-2021b
MNE-Python/1.1.1-foss-2021b
Opening raw data file /rds/projects/k/kowalcau-opm-recordings/cross_modal_project/221110/full.fif...
/rds/projects/k/kowalcau-opm-recordings/cross_modal_project/analysis/Part_PrePros.py:25: RuntimeWarning: This filename (/rds/projects/k/kowalcau-opm-recordings/cross_modal_project/221110/full.fif) does not conform to MNE naming conventions. All raw files should end with raw.fif, raw_sss.fif, raw_tsss.fif, _meg.fif, _eeg.fif, _ieeg.fif, raw.fif.gz, raw_sss.fif.gz, raw_tsss.fif.gz, _meg.fif.gz, _eeg.fif.gz or _ieeg.fif.gz
  data_raw = mne.io.read_raw_fif(path_data, allow_maxshield=True,preload=True,verbose=True)
    Read a total of 8 projection items:
        generated with autossp-1.2.0 (1 x 306)  idle
        generated with autossp-1.2.0 (1 x 306)  idle
        generated with autossp-1.2.0 (1 x 306)  idle
        generated with autossp-1.2.0 (1 x 306)  idle
        generated with autossp-1.2.0 (1 x 306)  idle
        generated with autossp-1.2.0 (1 x 306)  idle
        generated with autossp-1.2.0 (1 x 306)  idle
        generated with autossp-1.2.0 (1 x 306)  idle
    Range : 10000 ... 1475999 =     10.000 ...  1475.999 secs
Ready.
Opening raw data file /rds/projects/k/kowalcau-opm-recordings/cross_modal_project/221110/full-1.fif...
    Read a total of 8 projection items:
        generated with autossp-1.2.0 (1 x 306)  idle
        generated with autossp-1.2.0 (1 x 306)  idle
        generated with autossp-1.2.0 (1 x 306)  idle
        generated with autossp-1.2.0 (1 x 306)  idle
        generated with autossp-1.2.0 (1 x 306)  idle
        generated with autossp-1.2.0 (1 x 306)  idle
        generated with autossp-1.2.0 (1 x 306)  idle
        generated with autossp-1.2.0 (1 x 306)  idle
    Range : 1476000 ... 2941999 =   1476.000 ...  2941.999 secs
Ready.
Opening raw data file /rds/projects/k/kowalcau-opm-recordings/cross_modal_project/221110/full-2.fif...
    Read a total of 8 projection items:
        generated with autossp-1.2.0 (1 x 306)  idle
        generated with autossp-1.2.0 (1 x 306)  idle
        generated with autossp-1.2.0 (1 x 306)  idle
        generated with autossp-1.2.0 (1 x 306)  idle
        generated with autossp-1.2.0 (1 x 306)  idle
        generated with autossp-1.2.0 (1 x 306)  idle
        generated with autossp-1.2.0 (1 x 306)  idle
        generated with autossp-1.2.0 (1 x 306)  idle
    Range : 2942000 ... 3149999 =   2942.000 ...  3149.999 secs
Ready.
Reading 0 ... 3139999  =      0.000 ...  3139.999 secs...
/rds/projects/k/kowalcau-opm-recordings/cross_modal_project/analysis/Part_PrePros.py:30: RuntimeWarning: This filename (/rds/projects/k/kowalcau-opm-recordings/cross_modal_project/221110/proccessed/full_eve-all-new.fif) does not conform to MNE naming conventions. All events files should end with .eve, -eve.fif, -eve.fif.gz, -eve.lst, -eve.txt, _eve.fif, _eve.fif.gz, _eve.lst, _eve.txt or -annot.fif
  events = mne.read_events(filename_events, verbose=True)

Detected 11 break periods of >= 7 sec duration:
    0.0 – 212.9 sec [212.9 sec]
    546.1 – 575.1 sec [28.9 sec]
    904.1 – 917.2 sec [13.1 sec]
    912.3 – 947.0 sec [34.7 sec]
    1273.0 – 1306.8 sec [33.8 sec]
    1637.6 – 1680.0 sec [42.3 sec]
    2005.2 – 2043.7 sec [38.5 sec]
    2377.9 – 2395.9 sec [18.0 sec]
    2391.0 – 2435.6 sec [44.6 sec]
    2765.3 – 2790.8 sec [25.4 sec]
    3126.6 – 3140.0 sec [13.4 sec]
In total, 16.1% of the data (505.7 sec) have been marked as a break.

Applying low-pass filter with 40.0 Hz cutoff frequency ...
Filtering raw data in 1 contiguous segment
Setting up low-pass filter at 40 Hz

FIR filter parameters
---------------------
Designing a one-pass, zero-phase, non-causal lowpass filter:
- Windowed time-domain design (firwin) method
- Hamming window with 0.0194 passband ripple and 53 dB stopband attenuation
- Upper passband edge: 40.00 Hz
- Upper transition bandwidth: 10.00 Hz (-6 dB cutoff frequency: 45.00 Hz)
- Filter length: 331 samples (0.331 sec)

[Parallel(n_jobs=1)]: Using backend SequentialBackend with 1 concurrent workers.
[Parallel(n_jobs=1)]: Done   1 out of   1 | elapsed:    0.1s remaining:    0.0s
[Parallel(n_jobs=1)]: Done   2 out of   2 | elapsed:    0.2s remaining:    0.0s
[Parallel(n_jobs=1)]: Done   3 out of   3 | elapsed:    0.2s remaining:    0.0s
[Parallel(n_jobs=1)]: Done   4 out of   4 | elapsed:    0.3s remaining:    0.0s
[Parallel(n_jobs=1)]: Done 306 out of 306 | elapsed:   21.9s finished
Scanning for bad channels in 525 intervals (5.0 sec) ...
102 of 102 magnetometer types replaced with T3.
    No bad MEG channels
    Processing 204 gradiometers and 102 magnetometers
    Using fine calibration sss_cal_SA.dat
        Adjusting non-orthogonal EX and EY
        Adjusted coil positions by (μ ± σ): 0.3° ± 0.3° (max: 1.7°)
    Automatic origin fit: head of radius 92.9 mm
    Using origin -2.3, 7.4, 44.2 mm in the head frame
        Interval   1:  212.907 -  217.906
        Interval   2:  217.907 -  222.906
        Interval   3:  222.907 -  227.906
        Interval   4:  227.907 -  232.906
        Interval   5:  232.907 -  237.906
        Interval   6:  237.907 -  242.906
        Interval   7:  242.907 -  247.906
        Interval   8:  247.907 -  252.906
        Interval   9:  252.907 -  257.906
        Interval  10:  257.907 -  262.906
        Interval  11:  262.907 -  267.906
        Interval  12:  267.907 -  272.906
        Interval  13:  272.907 -  277.906
        Interval  14:  277.907 -  282.906
        Interval  15:  282.907 -  287.906
        Interval  16:  287.907 -  292.906
        Interval  17:  292.907 -  297.906
        Interval  18:  297.907 -  302.906
        Interval  19:  302.907 -  307.906
        Interval  20:  307.907 -  312.906
        Interval  21:  312.907 -  317.906
        Interval  22:  317.907 -  322.906
        Interval  23:  322.907 -  327.906
        Interval  24:  327.907 -  332.906
        Interval  25:  332.907 -  337.906
        Interval  26:  337.907 -  342.906
        Interval  27:  342.907 -  347.906
        Interval  28:  347.907 -  352.906
        Interval  29:  352.907 -  357.906
        Interval  30:  357.907 -  362.906
        Interval  31:  362.907 -  367.906
        Interval  32:  367.907 -  372.906
        Interval  33:  372.907 -  377.906
        Interval  34:  377.907 -  382.906
        Interval  35:  382.907 -  387.906
        Interval  36:  387.907 -  392.906
        Interval  37:  392.907 -  397.906
        Interval  38:  397.907 -  402.906
        Interval  39:  402.907 -  407.906
        Interval  40:  407.907 -  412.906
        Interval  41:  412.907 -  417.906
        Interval  42:  417.907 -  422.906
        Interval  43:  422.907 -  427.906
        Interval  44:  427.907 -  432.906
        Interval  45:  432.907 -  437.906
        Interval  46:  437.907 -  442.906
        Interval  47:  442.907 -  447.906
        Interval  48:  447.907 -  452.906
        Interval  49:  452.907 -  457.906
        Interval  50:  457.907 -  462.906
        Interval  51:  462.907 -  467.906
        Interval  52:  467.907 -  472.906
        Interval  53:  472.907 -  477.906
        Interval  54:  477.907 -  482.906
        Interval  55:  482.907 -  487.906
        Interval  56:  487.907 -  492.906
        Interval  57:  492.907 -  497.906
        Interval  58:  497.907 -  502.906
        Interval  59:  502.907 -  507.906
        Interval  60:  507.907 -  512.906
        Interval  61:  512.907 -  517.906
        Interval  62:  517.907 -  522.906
        Interval  63:  522.907 -  527.906
        Interval  64:  527.907 -  532.906
        Interval  65:  532.907 -  537.906
        Interval  66:  537.907 -  546.146
        Interval  67:  575.071 -  580.070
        Interval  68:  580.071 -  585.070
        Interval  69:  585.071 -  590.070
        Interval  70:  590.071 -  595.070
        Interval  71:  595.071 -  600.070
        Interval  72:  600.071 -  605.070
        Interval  73:  605.071 -  610.070
        Interval  74:  610.071 -  615.070
        Interval  75:  615.071 -  620.070
        Interval  76:  620.071 -  625.070
        Interval  77:  625.071 -  630.070
        Interval  78:  630.071 -  635.070
        Interval  79:  635.071 -  640.070
        Interval  80:  640.071 -  645.070
        Interval  81:  645.071 -  650.070
        Interval  82:  650.071 -  655.070
        Interval  83:  655.071 -  660.070
        Interval  84:  660.071 -  665.070
        Interval  85:  665.071 -  670.070
        Interval  86:  670.071 -  675.070
        Interval  87:  675.071 -  680.070
        Interval  88:  680.071 -  685.070
        Interval  89:  685.071 -  690.070
        Interval  90:  690.071 -  695.070
        Interval  91:  695.071 -  700.070
        Interval  92:  700.071 -  705.070
        Interval  93:  705.071 -  710.070
        Interval  94:  710.071 -  715.070
        Interval  95:  715.071 -  720.070
        Interval  96:  720.071 -  725.070
        Interval  97:  725.071 -  730.070
        Interval  98:  730.071 -  735.070
        Interval  99:  735.071 -  740.070
        Interval 100:  740.071 -  745.070
        Interval 101:  745.071 -  750.070
        Interval 102:  750.071 -  755.070
        Interval 103:  755.071 -  760.070
        Interval 104:  760.071 -  765.070
        Interval 105:  765.071 -  770.070
        Interval 106:  770.071 -  775.070
        Interval 107:  775.071 -  780.070
        Interval 108:  780.071 -  785.070
        Interval 109:  785.071 -  790.070
        Interval 110:  790.071 -  795.070
        Interval 111:  795.071 -  800.070
        Interval 112:  800.071 -  805.070
        Interval 113:  805.071 -  810.070
        Interval 114:  810.071 -  815.070
        Interval 115:  815.071 -  820.070
        Interval 116:  820.071 -  825.070
        Interval 117:  825.071 -  830.070
        Interval 118:  830.071 -  835.070
        Interval 119:  835.071 -  840.070
        Interval 120:  840.071 -  845.070
        Interval 121:  845.071 -  850.070
        Interval 122:  850.071 -  855.070
        Interval 123:  855.071 -  860.070
        Interval 124:  860.071 -  865.070
        Interval 125:  865.071 -  870.070
        Interval 126:  870.071 -  875.070
        Interval 127:  875.071 -  880.070
        Interval 128:  880.071 -  885.070
        Interval 129:  885.071 -  890.070
        Interval 130:  890.071 -  895.070
        Interval 131:  895.071 -  904.118
        Interval 132:  946.994 -  951.993
        Interval 133:  951.994 -  956.993
        Interval 134:  956.994 -  961.993
        Interval 135:  961.994 -  966.993
        Interval 136:  966.994 -  971.993
        Interval 137:  971.994 -  976.993
        Interval 138:  976.994 -  981.993
        Interval 139:  981.994 -  986.993
        Interval 140:  986.994 -  991.993
        Interval 141:  991.994 -  996.993
        Interval 142:  996.994 - 1001.993
        Interval 143: 1001.994 - 1006.993
        Interval 144: 1006.994 - 1011.993
        Interval 145: 1011.994 - 1016.993
        Interval 146: 1016.994 - 1021.993
        Interval 147: 1021.994 - 1026.993
        Interval 148: 1026.994 - 1031.993
        Interval 149: 1031.994 - 1036.993
        Interval 150: 1036.994 - 1041.993
        Interval 151: 1041.994 - 1046.993
        Interval 152: 1046.994 - 1051.993
        Interval 153: 1051.994 - 1056.993
        Interval 154: 1056.994 - 1061.993
        Interval 155: 1061.994 - 1066.993
        Interval 156: 1066.994 - 1071.993
        Interval 157: 1071.994 - 1076.993
        Interval 158: 1076.994 - 1081.993
        Interval 159: 1081.994 - 1086.993
        Interval 160: 1086.994 - 1091.993
        Interval 161: 1091.994 - 1096.993
        Interval 162: 1096.994 - 1101.993
        Interval 163: 1101.994 - 1106.993
        Interval 164: 1106.994 - 1111.993
        Interval 165: 1111.994 - 1116.993
        Interval 166: 1116.994 - 1121.993
        Interval 167: 1121.994 - 1126.993
        Interval 168: 1126.994 - 1131.993
        Interval 169: 1131.994 - 1136.993
        Interval 170: 1136.994 - 1141.993
        Interval 171: 1141.994 - 1146.993
        Interval 172: 1146.994 - 1151.993
        Interval 173: 1151.994 - 1156.993
        Interval 174: 1156.994 - 1161.993
        Interval 175: 1161.994 - 1166.993
        Interval 176: 1166.994 - 1171.993
        Interval 177: 1171.994 - 1176.993
        Interval 178: 1176.994 - 1181.993
        Interval 179: 1181.994 - 1186.993
        Interval 180: 1186.994 - 1191.993
        Interval 181: 1191.994 - 1196.993
        Interval 182: 1196.994 - 1201.993
        Interval 183: 1201.994 - 1206.993
        Interval 184: 1206.994 - 1211.993
        Interval 185: 1211.994 - 1216.993
        Interval 186: 1216.994 - 1221.993
        Interval 187: 1221.994 - 1226.993
        Interval 188: 1226.994 - 1231.993
        Interval 189: 1231.994 - 1236.993
        Interval 190: 1236.994 - 1241.993
        Interval 191: 1241.994 - 1246.993
        Interval 192: 1246.994 - 1251.993
        Interval 193: 1251.994 - 1256.993
        Interval 194: 1256.994 - 1261.993
        Interval 195: 1261.994 - 1266.993
        Interval 196: 1266.994 - 1272.973
        Interval 197: 1306.806 - 1311.805
        Interval 198: 1311.806 - 1316.805
        Interval 199: 1316.806 - 1321.805
        Interval 200: 1321.806 - 1326.805
        Interval 201: 1326.806 - 1331.805
        Interval 202: 1331.806 - 1336.805
        Interval 203: 1336.806 - 1341.805
        Interval 204: 1341.806 - 1346.805
        Interval 205: 1346.806 - 1351.805
        Interval 206: 1351.806 - 1356.805
        Interval 207: 1356.806 - 1361.805
        Interval 208: 1361.806 - 1366.805
        Interval 209: 1366.806 - 1371.805
        Interval 210: 1371.806 - 1376.805
        Interval 211: 1376.806 - 1381.805
        Interval 212: 1381.806 - 1386.805
        Interval 213: 1386.806 - 1391.805
        Interval 214: 1391.806 - 1396.805
        Interval 215: 1396.806 - 1401.805
        Interval 216: 1401.806 - 1406.805
        Interval 217: 1406.806 - 1411.805
        Interval 218: 1411.806 - 1416.805
        Interval 219: 1416.806 - 1421.805
        Interval 220: 1421.806 - 1426.805
        Interval 221: 1426.806 - 1431.805
        Interval 222: 1431.806 - 1436.805
        Interval 223: 1436.806 - 1441.805
        Interval 224: 1441.806 - 1446.805
        Interval 225: 1446.806 - 1451.805
        Interval 226: 1451.806 - 1456.805
        Interval 227: 1456.806 - 1461.805
        Interval 228: 1461.806 - 1466.805
        Interval 229: 1466.806 - 1471.805
        Interval 230: 1471.806 - 1476.805
        Interval 231: 1476.806 - 1481.805
        Interval 232: 1481.806 - 1486.805
        Interval 233: 1486.806 - 1491.805
        Interval 234: 1491.806 - 1496.805
        Interval 235: 1496.806 - 1501.805
        Interval 236: 1501.806 - 1506.805
        Interval 237: 1506.806 - 1511.805
        Interval 238: 1511.806 - 1516.805
        Interval 239: 1516.806 - 1521.805
        Interval 240: 1521.806 - 1526.805
        Interval 241: 1526.806 - 1531.805
        Interval 242: 1531.806 - 1536.805
        Interval 243: 1536.806 - 1541.805
        Interval 244: 1541.806 - 1546.805
        Interval 245: 1546.806 - 1551.805
        Interval 246: 1551.806 - 1556.805
        Interval 247: 1556.806 - 1561.805
        Interval 248: 1561.806 - 1566.805
        Interval 249: 1566.806 - 1571.805
        Interval 250: 1571.806 - 1576.805
        Interval 251: 1576.806 - 1581.805
        Interval 252: 1581.806 - 1586.805
        Interval 253: 1586.806 - 1591.805
        Interval 254: 1591.806 - 1596.805
        Interval 255: 1596.806 - 1601.805
        Interval 256: 1601.806 - 1606.805
        Interval 257: 1606.806 - 1611.805
        Interval 258: 1611.806 - 1616.805
        Interval 259: 1616.806 - 1621.805
        Interval 260: 1621.806 - 1626.805
        Interval 261: 1626.806 - 1631.805
        Interval 262: 1631.806 - 1637.641
        Interval 263: 1679.971 - 1684.970
        Interval 264: 1684.971 - 1689.970
        Interval 265: 1689.971 - 1694.970
        Interval 266: 1694.971 - 1699.970
        Interval 267: 1699.971 - 1704.970
        Interval 268: 1704.971 - 1709.970
        Interval 269: 1709.971 - 1714.970
        Interval 270: 1714.971 - 1719.970
        Interval 271: 1719.971 - 1724.970
        Interval 272: 1724.971 - 1729.970
        Interval 273: 1729.971 - 1734.970
        Interval 274: 1734.971 - 1739.970
        Interval 275: 1739.971 - 1744.970
        Interval 276: 1744.971 - 1749.970
        Interval 277: 1749.971 - 1754.970
        Interval 278: 1754.971 - 1759.970
        Interval 279: 1759.971 - 1764.970
        Interval 280: 1764.971 - 1769.970
        Interval 281: 1769.971 - 1774.970
        Interval 282: 1774.971 - 1779.970
        Interval 283: 1779.971 - 1784.970
        Interval 284: 1784.971 - 1789.970
        Interval 285: 1789.971 - 1794.970
        Interval 286: 1794.971 - 1799.970
        Interval 287: 1799.971 - 1804.970
        Interval 288: 1804.971 - 1809.970
        Interval 289: 1809.971 - 1814.970
        Interval 290: 1814.971 - 1819.970
        Interval 291: 1819.971 - 1824.970
        Interval 292: 1824.971 - 1829.970
        Interval 293: 1829.971 - 1834.970
        Interval 294: 1834.971 - 1839.970
        Interval 295: 1839.971 - 1844.970
        Interval 296: 1844.971 - 1849.970
        Interval 297: 1849.971 - 1854.970
        Interval 298: 1854.971 - 1859.970
        Interval 299: 1859.971 - 1864.970
        Interval 300: 1864.971 - 1869.970
        Interval 301: 1869.971 - 1874.970
        Interval 302: 1874.971 - 1879.970
        Interval 303: 1879.971 - 1884.970
        Interval 304: 1884.971 - 1889.970
        Interval 305: 1889.971 - 1894.970
        Interval 306: 1894.971 - 1899.970
        Interval 307: 1899.971 - 1904.970
        Interval 308: 1904.971 - 1909.970
        Interval 309: 1909.971 - 1914.970
        Interval 310: 1914.971 - 1919.970
        Interval 311: 1919.971 - 1924.970
        Interval 312: 1924.971 - 1929.970
        Interval 313: 1929.971 - 1934.970
        Interval 314: 1934.971 - 1939.970
        Interval 315: 1939.971 - 1944.970
        Interval 316: 1944.971 - 1949.970
        Interval 317: 1949.971 - 1954.970
        Interval 318: 1954.971 - 1959.970
        Interval 319: 1959.971 - 1964.970
        Interval 320: 1964.971 - 1969.970
        Interval 321: 1969.971 - 1974.970
        Interval 322: 1974.971 - 1979.970
        Interval 323: 1979.971 - 1984.970
        Interval 324: 1984.971 - 1989.970
        Interval 325: 1989.971 - 1994.970
        Interval 326: 1994.971 - 1999.970
        Interval 327: 1999.971 - 2005.212
        Interval 328: 2043.703 - 2048.702
        Interval 329: 2048.703 - 2053.702
        Interval 330: 2053.703 - 2058.702
        Interval 331: 2058.703 - 2063.702
        Interval 332: 2063.703 - 2068.702
        Interval 333: 2068.703 - 2073.702
        Interval 334: 2073.703 - 2078.702
        Interval 335: 2078.703 - 2083.702
        Interval 336: 2083.703 - 2088.702
        Interval 337: 2088.703 - 2093.702
        Interval 338: 2093.703 - 2098.702
        Interval 339: 2098.703 - 2103.702
        Interval 340: 2103.703 - 2108.702
        Interval 341: 2108.703 - 2113.702
        Interval 342: 2113.703 - 2118.702
        Interval 343: 2118.703 - 2123.702
        Interval 344: 2123.703 - 2128.702
        Interval 345: 2128.703 - 2133.702
        Interval 346: 2133.703 - 2138.702
        Interval 347: 2138.703 - 2143.702
        Interval 348: 2143.703 - 2148.702
        Interval 349: 2148.703 - 2153.702
        Interval 350: 2153.703 - 2158.702
        Interval 351: 2158.703 - 2163.702
        Interval 352: 2163.703 - 2168.702
        Interval 353: 2168.703 - 2173.702
        Interval 354: 2173.703 - 2178.702
        Interval 355: 2178.703 - 2183.702
        Interval 356: 2183.703 - 2188.702
        Interval 357: 2188.703 - 2193.702
        Interval 358: 2193.703 - 2198.702
        Interval 359: 2198.703 - 2203.702
        Interval 360: 2203.703 - 2208.702
        Interval 361: 2208.703 - 2213.702
        Interval 362: 2213.703 - 2218.702
        Interval 363: 2218.703 - 2223.702
        Interval 364: 2223.703 - 2228.702
        Interval 365: 2228.703 - 2233.702
        Interval 366: 2233.703 - 2238.702
        Interval 367: 2238.703 - 2243.702
        Interval 368: 2243.703 - 2248.702
        Interval 369: 2248.703 - 2253.702
        Interval 370: 2253.703 - 2258.702
        Interval 371: 2258.703 - 2263.702
        Interval 372: 2263.703 - 2268.702
        Interval 373: 2268.703 - 2273.702
        Interval 374: 2273.703 - 2278.702
        Interval 375: 2278.703 - 2283.702
        Interval 376: 2283.703 - 2288.702
        Interval 377: 2288.703 - 2293.702
        Interval 378: 2293.703 - 2298.702
        Interval 379: 2298.703 - 2303.702
        Interval 380: 2303.703 - 2308.702
        Interval 381: 2308.703 - 2313.702
        Interval 382: 2313.703 - 2318.702
        Interval 383: 2318.703 - 2323.702
        Interval 384: 2323.703 - 2328.702
        Interval 385: 2328.703 - 2333.702
        Interval 386: 2333.703 - 2338.702
        Interval 387: 2338.703 - 2343.702
        Interval 388: 2343.703 - 2348.702
        Interval 389: 2348.703 - 2353.702
        Interval 390: 2353.703 - 2358.702
        Interval 391: 2358.703 - 2363.702
        Interval 392: 2363.703 - 2368.702
        Interval 393: 2368.703 - 2377.863
        Interval 394: 2435.609 - 2440.608
        Interval 395: 2440.609 - 2445.608
        Interval 396: 2445.609 - 2450.608
        Interval 397: 2450.609 - 2455.608
        Interval 398: 2455.609 - 2460.608
        Interval 399: 2460.609 - 2465.608
        Interval 400: 2465.609 - 2470.608
        Interval 401: 2470.609 - 2475.608
        Interval 402: 2475.609 - 2480.608
        Interval 403: 2480.609 - 2485.608
        Interval 404: 2485.609 - 2490.608
        Interval 405: 2490.609 - 2495.608
        Interval 406: 2495.609 - 2500.608
        Interval 407: 2500.609 - 2505.608
        Interval 408: 2505.609 - 2510.608
        Interval 409: 2510.609 - 2515.608
        Interval 410: 2515.609 - 2520.608
        Interval 411: 2520.609 - 2525.608
        Interval 412: 2525.609 - 2530.608
        Interval 413: 2530.609 - 2535.608
        Interval 414: 2535.609 - 2540.608
        Interval 415: 2540.609 - 2545.608
        Interval 416: 2545.609 - 2550.608
        Interval 417: 2550.609 - 2555.608
        Interval 418: 2555.609 - 2560.608
        Interval 419: 2560.609 - 2565.608
        Interval 420: 2565.609 - 2570.608
        Interval 421: 2570.609 - 2575.608
        Interval 422: 2575.609 - 2580.608
        Interval 423: 2580.609 - 2585.608
        Interval 424: 2585.609 - 2590.608
        Interval 425: 2590.609 - 2595.608
        Interval 426: 2595.609 - 2600.608
        Interval 427: 2600.609 - 2605.608
        Interval 428: 2605.609 - 2610.608
        Interval 429: 2610.609 - 2615.608
        Interval 430: 2615.609 - 2620.608
        Interval 431: 2620.609 - 2625.608
        Interval 432: 2625.609 - 2630.608
        Interval 433: 2630.609 - 2635.608
        Interval 434: 2635.609 - 2640.608
        Interval 435: 2640.609 - 2645.608
        Interval 436: 2645.609 - 2650.608
        Interval 437: 2650.609 - 2655.608
        Interval 438: 2655.609 - 2660.608
        Interval 439: 2660.609 - 2665.608
        Interval 440: 2665.609 - 2670.608
        Interval 441: 2670.609 - 2675.608
        Interval 442: 2675.609 - 2680.608
        Interval 443: 2680.609 - 2685.608
        Interval 444: 2685.609 - 2690.608
        Interval 445: 2690.609 - 2695.608
        Interval 446: 2695.609 - 2700.608
        Interval 447: 2700.609 - 2705.608
        Interval 448: 2705.609 - 2710.608
        Interval 449: 2710.609 - 2715.608
        Interval 450: 2715.609 - 2720.608
        Interval 451: 2720.609 - 2725.608
        Interval 452: 2725.609 - 2730.608
        Interval 453: 2730.609 - 2735.608
        Interval 454: 2735.609 - 2740.608
        Interval 455: 2740.609 - 2745.608
        Interval 456: 2745.609 - 2750.608
        Interval 457: 2750.609 - 2755.608
        Interval 458: 2755.609 - 2765.340
        Interval 459: 2790.758 - 2795.757
        Interval 460: 2795.758 - 2800.757
        Interval 461: 2800.758 - 2805.757
        Interval 462: 2805.758 - 2810.757
        Interval 463: 2810.758 - 2815.757
        Interval 464: 2815.758 - 2820.757
        Interval 465: 2820.758 - 2825.757
        Interval 466: 2825.758 - 2830.757
        Interval 467: 2830.758 - 2835.757
        Interval 468: 2835.758 - 2840.757
        Interval 469: 2840.758 - 2845.757
        Interval 470: 2845.758 - 2850.757
        Interval 471: 2850.758 - 2855.757
        Interval 472: 2855.758 - 2860.757
        Interval 473: 2860.758 - 2865.757
        Interval 474: 2865.758 - 2870.757
        Interval 475: 2870.758 - 2875.757
        Interval 476: 2875.758 - 2880.757
        Interval 477: 2880.758 - 2885.757
        Interval 478: 2885.758 - 2890.757
        Interval 479: 2890.758 - 2895.757
        Interval 480: 2895.758 - 2900.757
        Interval 481: 2900.758 - 2905.757
        Interval 482: 2905.758 - 2910.757
        Interval 483: 2910.758 - 2915.757
        Interval 484: 2915.758 - 2920.757
        Interval 485: 2920.758 - 2925.757
        Interval 486: 2925.758 - 2930.757
        Interval 487: 2930.758 - 2935.757
        Interval 488: 2935.758 - 2940.757
        Interval 489: 2940.758 - 2945.757
        Interval 490: 2945.758 - 2950.757
        Interval 491: 2950.758 - 2955.757
        Interval 492: 2955.758 - 2960.757
        Interval 493: 2960.758 - 2965.757
        Interval 494: 2965.758 - 2970.757
        Interval 495: 2970.758 - 2975.757
        Interval 496: 2975.758 - 2980.757
        Interval 497: 2980.758 - 2985.757
        Interval 498: 2985.758 - 2990.757
        Interval 499: 2990.758 - 2995.757
        Interval 500: 2995.758 - 3000.757
        Interval 501: 3000.758 - 3005.757
        Interval 502: 3005.758 - 3010.757
        Interval 503: 3010.758 - 3015.757
        Interval 504: 3015.758 - 3020.757
        Interval 505: 3020.758 - 3025.757
        Interval 506: 3025.758 - 3030.757
        Interval 507: 3030.758 - 3035.757
        Interval 508: 3035.758 - 3040.757
        Interval 509: 3040.758 - 3045.757
        Interval 510: 3045.758 - 3050.757
        Interval 511: 3050.758 - 3055.757
        Interval 512: 3055.758 - 3060.757
        Interval 513: 3060.758 - 3065.757
        Interval 514: 3065.758 - 3070.757
        Interval 515: 3070.758 - 3075.757
        Interval 516: 3075.758 - 3080.757
        Interval 517: 3080.758 - 3085.757
        Interval 518: 3085.758 - 3090.757
        Interval 519: 3090.758 - 3095.757
        Interval 520: 3095.758 - 3100.757
        Interval 521: 3100.758 - 3105.757
        Interval 522: 3105.758 - 3110.757
        Interval 523: 3110.758 - 3115.757
        Interval 524: 3115.758 - 3120.757
        Interval 525: 3120.758 - 3126.617
    Static bad channels:  ['MEG0531', 'MEG1221', 'MEG1222', 'MEG1223', 'MEG1322', 'MEG1323', 'MEG1412', 'MEG1413', 'MEG2311']
    Static flat channels: []
[done]
noisy = ['MEG0531', 'MEG1221', 'MEG1222', 'MEG1223', 'MEG1322', 'MEG1323', 'MEG1412', 'MEG1413', 'MEG2311']
flat =  []
102 of 102 magnetometer types replaced with T3.
Setting 495900 of 3140000 (15.79%) samples to NaN, retaining 2644100 (84.21%) samples.
Effective window size : 5.000 (s)
[Parallel(n_jobs=1)]: Using backend SequentialBackend with 1 concurrent workers.
[Parallel(n_jobs=1)]: Done   1 out of   1 | elapsed:    6.1s remaining:    0.0s
[Parallel(n_jobs=1)]: Done   1 out of   1 | elapsed:    6.1s finished
Setting 495900 of 3140000 (15.79%) samples to NaN, retaining 2644100 (84.21%) samples.
Effective window size : 5.000 (s)
[Parallel(n_jobs=1)]: Using backend SequentialBackend with 1 concurrent workers.
[Parallel(n_jobs=1)]: Done   1 out of   1 | elapsed:    3.0s remaining:    0.0s
[Parallel(n_jobs=1)]: Done   1 out of   1 | elapsed:    3.0s finished
Filtering raw data in 1 contiguous segment
Setting up low-pass filter at 1e+02 Hz

FIR filter parameters
---------------------
Designing a one-pass, zero-phase, non-causal lowpass filter:
- Windowed time-domain design (firwin) method
- Hamming window with 0.0194 passband ripple and 53 dB stopband attenuation
- Upper passband edge: 100.00 Hz
- Upper transition bandwidth: 25.00 Hz (-6 dB cutoff frequency: 112.50 Hz)
- Filter length: 133 samples (0.133 sec)

[Parallel(n_jobs=1)]: Using backend SequentialBackend with 1 concurrent workers.
[Parallel(n_jobs=1)]: Done   1 out of   1 | elapsed:    0.1s remaining:    0.0s
[Parallel(n_jobs=1)]: Done   2 out of   2 | elapsed:    0.3s remaining:    0.0s
[Parallel(n_jobs=1)]: Done   3 out of   3 | elapsed:    0.4s remaining:    0.0s
[Parallel(n_jobs=1)]: Done   4 out of   4 | elapsed:    0.5s remaining:    0.0s
[Parallel(n_jobs=1)]: Done 306 out of 306 | elapsed:   40.6s finished
Filtering raw data in 1 contiguous segment
Setting up band-pass filter from 1.1e+02 - 1.4e+02 Hz

FIR filter parameters
---------------------
Designing a one-pass, zero-phase, non-causal bandpass filter:
- Windowed time-domain design (firwin) method
- Hamming window with 0.0194 passband ripple and 53 dB stopband attenuation
- Lower passband edge: 110.00
- Lower transition bandwidth: 27.50 Hz (-6 dB cutoff frequency: 96.25 Hz)
- Upper passband edge: 140.00 Hz
- Upper transition bandwidth: 35.00 Hz (-6 dB cutoff frequency: 157.50 Hz)
- Filter length: 121 samples (0.121 sec)

[Parallel(n_jobs=1)]: Using backend SequentialBackend with 1 concurrent workers.
[Parallel(n_jobs=1)]: Done   1 out of   1 | elapsed:    0.1s remaining:    0.0s
[Parallel(n_jobs=1)]: Done   2 out of   2 | elapsed:    0.3s remaining:    0.0s
[Parallel(n_jobs=1)]: Done   3 out of   3 | elapsed:    0.4s remaining:    0.0s
[Parallel(n_jobs=1)]: Done   4 out of   4 | elapsed:    0.5s remaining:    0.0s
[Parallel(n_jobs=1)]: Done  99 out of  99 | elapsed:   12.4s finished
Setting 495900 of 3140000 (15.79%) samples to NaN, retaining 2644100 (84.21%) samples.
Setting up low-pass filter at 4 Hz

FIR filter parameters
---------------------
Designing a one-pass, zero-phase, non-causal lowpass filter:
- Windowed time-domain design (firwin) method
- Hamming window with 0.0194 passband ripple and 53 dB stopband attenuation
- Upper passband edge: 4.00 Hz
- Upper transition bandwidth: 2.00 Hz (-6 dB cutoff frequency: 5.00 Hz)
- Filter length: 1651 samples (1.651 sec)

[Parallel(n_jobs=1)]: Using backend SequentialBackend with 1 concurrent workers.
[Parallel(n_jobs=1)]: Done   1 out of   1 | elapsed:    0.1s remaining:    0.0s
[Parallel(n_jobs=1)]: Done   1 out of   1 | elapsed:    0.1s finished
/rds/projects/k/kowalcau-opm-recordings/cross_modal_project/analysis/Part_PrePros.py:113: RuntimeWarning: This filename (/rds/projects/k/kowalcau-opm-recordings/cross_modal_project/221110/proccessed/no_max/full_no_max_ann-1.fif) does not conform to MNE naming conventions. All raw files should end with raw.fif, raw_sss.fif, raw_tsss.fif, _meg.fif, _eeg.fif, _ieeg.fif, raw.fif.gz, raw_sss.fif.gz, raw_tsss.fif.gz, _meg.fif.gz, _eeg.fif.gz or _ieeg.fif.gz
  data_fltrd.save(path_file_results,overwrite=True)
Overwriting existing file.
Writing /rds/projects/k/kowalcau-opm-recordings/cross_modal_project/221110/proccessed/no_max/full_no_max_ann-1.fif
Overwriting existing file.
Writing /rds/projects/k/kowalcau-opm-recordings/cross_modal_project/221110/proccessed/no_max/full_no_max_ann-1-1.fif
Overwriting existing file.
Writing /rds/projects/k/kowalcau-opm-recordings/cross_modal_project/221110/proccessed/no_max/full_no_max_ann-1-2.fif
Closing /rds/projects/k/kowalcau-opm-recordings/cross_modal_project/221110/proccessed/no_max/full_no_max_ann-1-2.fif
Closing /rds/projects/k/kowalcau-opm-recordings/cross_modal_project/221110/proccessed/no_max/full_no_max_ann-1-1.fif
Closing /rds/projects/k/kowalcau-opm-recordings/cross_modal_project/221110/proccessed/no_max/full_no_max_ann-1.fif
[done]
Opening raw data file /rds/projects/k/kowalcau-opm-recordings/cross_modal_project/221110/full.fif...
/rds/projects/k/kowalcau-opm-recordings/cross_modal_project/analysis/Part_PrePros.py:25: RuntimeWarning: This filename (/rds/projects/k/kowalcau-opm-recordings/cross_modal_project/221110/full.fif) does not conform to MNE naming conventions. All raw files should end with raw.fif, raw_sss.fif, raw_tsss.fif, _meg.fif, _eeg.fif, _ieeg.fif, raw.fif.gz, raw_sss.fif.gz, raw_tsss.fif.gz, _meg.fif.gz, _eeg.fif.gz or _ieeg.fif.gz
  data_raw = mne.io.read_raw_fif(path_data, allow_maxshield=True,preload=True,verbose=True)
    Read a total of 8 projection items:
        generated with autossp-1.2.0 (1 x 306)  idle
        generated with autossp-1.2.0 (1 x 306)  idle
        generated with autossp-1.2.0 (1 x 306)  idle
        generated with autossp-1.2.0 (1 x 306)  idle
        generated with autossp-1.2.0 (1 x 306)  idle
        generated with autossp-1.2.0 (1 x 306)  idle
        generated with autossp-1.2.0 (1 x 306)  idle
        generated with autossp-1.2.0 (1 x 306)  idle
    Range : 10000 ... 1475999 =     10.000 ...  1475.999 secs
Ready.
Opening raw data file /rds/projects/k/kowalcau-opm-recordings/cross_modal_project/221110/full-1.fif...
    Read a total of 8 projection items:
        generated with autossp-1.2.0 (1 x 306)  idle
        generated with autossp-1.2.0 (1 x 306)  idle
        generated with autossp-1.2.0 (1 x 306)  idle
        generated with autossp-1.2.0 (1 x 306)  idle
        generated with autossp-1.2.0 (1 x 306)  idle
        generated with autossp-1.2.0 (1 x 306)  idle
        generated with autossp-1.2.0 (1 x 306)  idle
        generated with autossp-1.2.0 (1 x 306)  idle
    Range : 1476000 ... 2941999 =   1476.000 ...  2941.999 secs
Ready.
Opening raw data file /rds/projects/k/kowalcau-opm-recordings/cross_modal_project/221110/full-2.fif...
    Read a total of 8 projection items:
        generated with autossp-1.2.0 (1 x 306)  idle
        generated with autossp-1.2.0 (1 x 306)  idle
        generated with autossp-1.2.0 (1 x 306)  idle
        generated with autossp-1.2.0 (1 x 306)  idle
        generated with autossp-1.2.0 (1 x 306)  idle
        generated with autossp-1.2.0 (1 x 306)  idle
        generated with autossp-1.2.0 (1 x 306)  idle
        generated with autossp-1.2.0 (1 x 306)  idle
    Range : 2942000 ... 3149999 =   2942.000 ...  3149.999 secs
Ready.
Reading 0 ... 3139999  =      0.000 ...  3139.999 secs...
/rds/projects/k/kowalcau-opm-recordings/cross_modal_project/analysis/Part_PrePros.py:30: RuntimeWarning: This filename (/rds/projects/k/kowalcau-opm-recordings/cross_modal_project/221110/proccessed/full_eve-all-new.fif) does not conform to MNE naming conventions. All events files should end with .eve, -eve.fif, -eve.fif.gz, -eve.lst, -eve.txt, _eve.fif, _eve.fif.gz, _eve.lst, _eve.txt or -annot.fif
  events = mne.read_events(filename_events, verbose=True)

Detected 11 break periods of >= 7 sec duration:
    0.0 – 212.9 sec [212.9 sec]
    546.1 – 575.1 sec [28.9 sec]
    904.1 – 917.2 sec [13.1 sec]
    912.3 – 947.0 sec [34.7 sec]
    1273.0 – 1306.8 sec [33.8 sec]
    1637.6 – 1680.0 sec [42.3 sec]
    2005.2 – 2043.7 sec [38.5 sec]
    2377.9 – 2395.9 sec [18.0 sec]
    2391.0 – 2435.6 sec [44.6 sec]
    2765.3 – 2790.8 sec [25.4 sec]
    3126.6 – 3140.0 sec [13.4 sec]
In total, 16.1% of the data (505.7 sec) have been marked as a break.

Applying low-pass filter with 40.0 Hz cutoff frequency ...
Filtering raw data in 1 contiguous segment
Setting up low-pass filter at 40 Hz

FIR filter parameters
---------------------
Designing a one-pass, zero-phase, non-causal lowpass filter:
- Windowed time-domain design (firwin) method
- Hamming window with 0.0194 passband ripple and 53 dB stopband attenuation
- Upper passband edge: 40.00 Hz
- Upper transition bandwidth: 10.00 Hz (-6 dB cutoff frequency: 45.00 Hz)
- Filter length: 331 samples (0.331 sec)

[Parallel(n_jobs=1)]: Using backend SequentialBackend with 1 concurrent workers.
[Parallel(n_jobs=1)]: Done   1 out of   1 | elapsed:    0.1s remaining:    0.0s
[Parallel(n_jobs=1)]: Done   2 out of   2 | elapsed:    0.1s remaining:    0.0s
[Parallel(n_jobs=1)]: Done   3 out of   3 | elapsed:    0.2s remaining:    0.0s
[Parallel(n_jobs=1)]: Done   4 out of   4 | elapsed:    0.3s remaining:    0.0s
[Parallel(n_jobs=1)]: Done 306 out of 306 | elapsed:   21.6s finished
Scanning for bad channels in 525 intervals (5.0 sec) ...
102 of 102 magnetometer types replaced with T3.
    No bad MEG channels
    Processing 204 gradiometers and 102 magnetometers
    Using fine calibration sss_cal_SA.dat
        Adjusting non-orthogonal EX and EY
        Adjusted coil positions by (μ ± σ): 0.3° ± 0.3° (max: 1.7°)
    Automatic origin fit: head of radius 92.9 mm
    Using origin -2.3, 7.4, 44.2 mm in the head frame
        Interval   1:  212.907 -  217.906
        Interval   2:  217.907 -  222.906
        Interval   3:  222.907 -  227.906
        Interval   4:  227.907 -  232.906
        Interval   5:  232.907 -  237.906
        Interval   6:  237.907 -  242.906
        Interval   7:  242.907 -  247.906
        Interval   8:  247.907 -  252.906
        Interval   9:  252.907 -  257.906
        Interval  10:  257.907 -  262.906
        Interval  11:  262.907 -  267.906
        Interval  12:  267.907 -  272.906
        Interval  13:  272.907 -  277.906
        Interval  14:  277.907 -  282.906
        Interval  15:  282.907 -  287.906
        Interval  16:  287.907 -  292.906
        Interval  17:  292.907 -  297.906
        Interval  18:  297.907 -  302.906
        Interval  19:  302.907 -  307.906
        Interval  20:  307.907 -  312.906
        Interval  21:  312.907 -  317.906
        Interval  22:  317.907 -  322.906
        Interval  23:  322.907 -  327.906
        Interval  24:  327.907 -  332.906
        Interval  25:  332.907 -  337.906
        Interval  26:  337.907 -  342.906
        Interval  27:  342.907 -  347.906
        Interval  28:  347.907 -  352.906
        Interval  29:  352.907 -  357.906
        Interval  30:  357.907 -  362.906
        Interval  31:  362.907 -  367.906
        Interval  32:  367.907 -  372.906
        Interval  33:  372.907 -  377.906
        Interval  34:  377.907 -  382.906
        Interval  35:  382.907 -  387.906
        Interval  36:  387.907 -  392.906
        Interval  37:  392.907 -  397.906
        Interval  38:  397.907 -  402.906
        Interval  39:  402.907 -  407.906
        Interval  40:  407.907 -  412.906
        Interval  41:  412.907 -  417.906
        Interval  42:  417.907 -  422.906
        Interval  43:  422.907 -  427.906
        Interval  44:  427.907 -  432.906
        Interval  45:  432.907 -  437.906
        Interval  46:  437.907 -  442.906
        Interval  47:  442.907 -  447.906
        Interval  48:  447.907 -  452.906
        Interval  49:  452.907 -  457.906
        Interval  50:  457.907 -  462.906
        Interval  51:  462.907 -  467.906
        Interval  52:  467.907 -  472.906
        Interval  53:  472.907 -  477.906
        Interval  54:  477.907 -  482.906
        Interval  55:  482.907 -  487.906
        Interval  56:  487.907 -  492.906
        Interval  57:  492.907 -  497.906
        Interval  58:  497.907 -  502.906
        Interval  59:  502.907 -  507.906
        Interval  60:  507.907 -  512.906
        Interval  61:  512.907 -  517.906
        Interval  62:  517.907 -  522.906
        Interval  63:  522.907 -  527.906
        Interval  64:  527.907 -  532.906
        Interval  65:  532.907 -  537.906
        Interval  66:  537.907 -  546.146
        Interval  67:  575.071 -  580.070
        Interval  68:  580.071 -  585.070
        Interval  69:  585.071 -  590.070
        Interval  70:  590.071 -  595.070
        Interval  71:  595.071 -  600.070
        Interval  72:  600.071 -  605.070
        Interval  73:  605.071 -  610.070
        Interval  74:  610.071 -  615.070
        Interval  75:  615.071 -  620.070
        Interval  76:  620.071 -  625.070
        Interval  77:  625.071 -  630.070
        Interval  78:  630.071 -  635.070
        Interval  79:  635.071 -  640.070
        Interval  80:  640.071 -  645.070
        Interval  81:  645.071 -  650.070
        Interval  82:  650.071 -  655.070
        Interval  83:  655.071 -  660.070
        Interval  84:  660.071 -  665.070
        Interval  85:  665.071 -  670.070
        Interval  86:  670.071 -  675.070
        Interval  87:  675.071 -  680.070
        Interval  88:  680.071 -  685.070
        Interval  89:  685.071 -  690.070
        Interval  90:  690.071 -  695.070
        Interval  91:  695.071 -  700.070
        Interval  92:  700.071 -  705.070
        Interval  93:  705.071 -  710.070
        Interval  94:  710.071 -  715.070
        Interval  95:  715.071 -  720.070
        Interval  96:  720.071 -  725.070
        Interval  97:  725.071 -  730.070
        Interval  98:  730.071 -  735.070
        Interval  99:  735.071 -  740.070
        Interval 100:  740.071 -  745.070
        Interval 101:  745.071 -  750.070
        Interval 102:  750.071 -  755.070
        Interval 103:  755.071 -  760.070
        Interval 104:  760.071 -  765.070
        Interval 105:  765.071 -  770.070
        Interval 106:  770.071 -  775.070
        Interval 107:  775.071 -  780.070
        Interval 108:  780.071 -  785.070
        Interval 109:  785.071 -  790.070
        Interval 110:  790.071 -  795.070
        Interval 111:  795.071 -  800.070
        Interval 112:  800.071 -  805.070
        Interval 113:  805.071 -  810.070
        Interval 114:  810.071 -  815.070
        Interval 115:  815.071 -  820.070
        Interval 116:  820.071 -  825.070
        Interval 117:  825.071 -  830.070
        Interval 118:  830.071 -  835.070
        Interval 119:  835.071 -  840.070
        Interval 120:  840.071 -  845.070
        Interval 121:  845.071 -  850.070
        Interval 122:  850.071 -  855.070
        Interval 123:  855.071 -  860.070
        Interval 124:  860.071 -  865.070
        Interval 125:  865.071 -  870.070
        Interval 126:  870.071 -  875.070
        Interval 127:  875.071 -  880.070
        Interval 128:  880.071 -  885.070
        Interval 129:  885.071 -  890.070
        Interval 130:  890.071 -  895.070
        Interval 131:  895.071 -  904.118
        Interval 132:  946.994 -  951.993
        Interval 133:  951.994 -  956.993
        Interval 134:  956.994 -  961.993
        Interval 135:  961.994 -  966.993
        Interval 136:  966.994 -  971.993
        Interval 137:  971.994 -  976.993
        Interval 138:  976.994 -  981.993
        Interval 139:  981.994 -  986.993
        Interval 140:  986.994 -  991.993
        Interval 141:  991.994 -  996.993
        Interval 142:  996.994 - 1001.993
        Interval 143: 1001.994 - 1006.993
        Interval 144: 1006.994 - 1011.993
        Interval 145: 1011.994 - 1016.993
        Interval 146: 1016.994 - 1021.993
        Interval 147: 1021.994 - 1026.993
        Interval 148: 1026.994 - 1031.993
        Interval 149: 1031.994 - 1036.993
        Interval 150: 1036.994 - 1041.993
        Interval 151: 1041.994 - 1046.993
        Interval 152: 1046.994 - 1051.993
        Interval 153: 1051.994 - 1056.993
        Interval 154: 1056.994 - 1061.993
        Interval 155: 1061.994 - 1066.993
        Interval 156: 1066.994 - 1071.993
        Interval 157: 1071.994 - 1076.993
        Interval 158: 1076.994 - 1081.993
        Interval 159: 1081.994 - 1086.993
        Interval 160: 1086.994 - 1091.993
        Interval 161: 1091.994 - 1096.993
        Interval 162: 1096.994 - 1101.993
        Interval 163: 1101.994 - 1106.993
        Interval 164: 1106.994 - 1111.993
        Interval 165: 1111.994 - 1116.993
        Interval 166: 1116.994 - 1121.993
        Interval 167: 1121.994 - 1126.993
        Interval 168: 1126.994 - 1131.993
        Interval 169: 1131.994 - 1136.993
        Interval 170: 1136.994 - 1141.993
        Interval 171: 1141.994 - 1146.993
        Interval 172: 1146.994 - 1151.993
        Interval 173: 1151.994 - 1156.993
        Interval 174: 1156.994 - 1161.993
        Interval 175: 1161.994 - 1166.993
        Interval 176: 1166.994 - 1171.993
        Interval 177: 1171.994 - 1176.993
        Interval 178: 1176.994 - 1181.993
        Interval 179: 1181.994 - 1186.993
        Interval 180: 1186.994 - 1191.993
        Interval 181: 1191.994 - 1196.993
        Interval 182: 1196.994 - 1201.993
        Interval 183: 1201.994 - 1206.993
        Interval 184: 1206.994 - 1211.993
        Interval 185: 1211.994 - 1216.993
        Interval 186: 1216.994 - 1221.993
        Interval 187: 1221.994 - 1226.993
        Interval 188: 1226.994 - 1231.993
        Interval 189: 1231.994 - 1236.993
        Interval 190: 1236.994 - 1241.993
        Interval 191: 1241.994 - 1246.993
        Interval 192: 1246.994 - 1251.993
        Interval 193: 1251.994 - 1256.993
        Interval 194: 1256.994 - 1261.993
        Interval 195: 1261.994 - 1266.993
        Interval 196: 1266.994 - 1272.973
        Interval 197: 1306.806 - 1311.805
        Interval 198: 1311.806 - 1316.805
        Interval 199: 1316.806 - 1321.805
        Interval 200: 1321.806 - 1326.805
        Interval 201: 1326.806 - 1331.805
        Interval 202: 1331.806 - 1336.805
        Interval 203: 1336.806 - 1341.805
        Interval 204: 1341.806 - 1346.805
        Interval 205: 1346.806 - 1351.805
        Interval 206: 1351.806 - 1356.805
        Interval 207: 1356.806 - 1361.805
        Interval 208: 1361.806 - 1366.805
        Interval 209: 1366.806 - 1371.805
        Interval 210: 1371.806 - 1376.805
        Interval 211: 1376.806 - 1381.805
        Interval 212: 1381.806 - 1386.805
        Interval 213: 1386.806 - 1391.805
        Interval 214: 1391.806 - 1396.805
        Interval 215: 1396.806 - 1401.805
        Interval 216: 1401.806 - 1406.805
        Interval 217: 1406.806 - 1411.805
        Interval 218: 1411.806 - 1416.805
        Interval 219: 1416.806 - 1421.805
        Interval 220: 1421.806 - 1426.805
        Interval 221: 1426.806 - 1431.805
        Interval 222: 1431.806 - 1436.805
        Interval 223: 1436.806 - 1441.805
        Interval 224: 1441.806 - 1446.805
        Interval 225: 1446.806 - 1451.805
        Interval 226: 1451.806 - 1456.805
        Interval 227: 1456.806 - 1461.805
        Interval 228: 1461.806 - 1466.805
        Interval 229: 1466.806 - 1471.805
        Interval 230: 1471.806 - 1476.805
        Interval 231: 1476.806 - 1481.805
        Interval 232: 1481.806 - 1486.805
        Interval 233: 1486.806 - 1491.805
        Interval 234: 1491.806 - 1496.805
        Interval 235: 1496.806 - 1501.805
        Interval 236: 1501.806 - 1506.805
        Interval 237: 1506.806 - 1511.805
        Interval 238: 1511.806 - 1516.805
        Interval 239: 1516.806 - 1521.805
        Interval 240: 1521.806 - 1526.805
        Interval 241: 1526.806 - 1531.805
        Interval 242: 1531.806 - 1536.805
        Interval 243: 1536.806 - 1541.805
        Interval 244: 1541.806 - 1546.805
        Interval 245: 1546.806 - 1551.805
        Interval 246: 1551.806 - 1556.805
        Interval 247: 1556.806 - 1561.805
        Interval 248: 1561.806 - 1566.805
        Interval 249: 1566.806 - 1571.805
        Interval 250: 1571.806 - 1576.805
        Interval 251: 1576.806 - 1581.805
        Interval 252: 1581.806 - 1586.805
        Interval 253: 1586.806 - 1591.805
        Interval 254: 1591.806 - 1596.805
        Interval 255: 1596.806 - 1601.805
        Interval 256: 1601.806 - 1606.805
        Interval 257: 1606.806 - 1611.805
        Interval 258: 1611.806 - 1616.805
        Interval 259: 1616.806 - 1621.805
        Interval 260: 1621.806 - 1626.805
        Interval 261: 1626.806 - 1631.805
        Interval 262: 1631.806 - 1637.641
        Interval 263: 1679.971 - 1684.970
        Interval 264: 1684.971 - 1689.970
        Interval 265: 1689.971 - 1694.970
        Interval 266: 1694.971 - 1699.970
        Interval 267: 1699.971 - 1704.970
        Interval 268: 1704.971 - 1709.970
        Interval 269: 1709.971 - 1714.970
        Interval 270: 1714.971 - 1719.970
        Interval 271: 1719.971 - 1724.970
        Interval 272: 1724.971 - 1729.970
        Interval 273: 1729.971 - 1734.970
        Interval 274: 1734.971 - 1739.970
        Interval 275: 1739.971 - 1744.970
        Interval 276: 1744.971 - 1749.970
        Interval 277: 1749.971 - 1754.970
        Interval 278: 1754.971 - 1759.970
        Interval 279: 1759.971 - 1764.970
        Interval 280: 1764.971 - 1769.970
        Interval 281: 1769.971 - 1774.970
        Interval 282: 1774.971 - 1779.970
        Interval 283: 1779.971 - 1784.970
        Interval 284: 1784.971 - 1789.970
        Interval 285: 1789.971 - 1794.970
        Interval 286: 1794.971 - 1799.970
        Interval 287: 1799.971 - 1804.970
        Interval 288: 1804.971 - 1809.970
        Interval 289: 1809.971 - 1814.970
        Interval 290: 1814.971 - 1819.970
        Interval 291: 1819.971 - 1824.970
        Interval 292: 1824.971 - 1829.970
        Interval 293: 1829.971 - 1834.970
        Interval 294: 1834.971 - 1839.970
        Interval 295: 1839.971 - 1844.970
        Interval 296: 1844.971 - 1849.970
        Interval 297: 1849.971 - 1854.970
        Interval 298: 1854.971 - 1859.970
        Interval 299: 1859.971 - 1864.970
        Interval 300: 1864.971 - 1869.970
        Interval 301: 1869.971 - 1874.970
        Interval 302: 1874.971 - 1879.970
        Interval 303: 1879.971 - 1884.970
        Interval 304: 1884.971 - 1889.970
        Interval 305: 1889.971 - 1894.970
        Interval 306: 1894.971 - 1899.970
        Interval 307: 1899.971 - 1904.970
        Interval 308: 1904.971 - 1909.970
        Interval 309: 1909.971 - 1914.970
        Interval 310: 1914.971 - 1919.970
        Interval 311: 1919.971 - 1924.970
        Interval 312: 1924.971 - 1929.970
        Interval 313: 1929.971 - 1934.970
        Interval 314: 1934.971 - 1939.970
        Interval 315: 1939.971 - 1944.970
        Interval 316: 1944.971 - 1949.970
        Interval 317: 1949.971 - 1954.970
        Interval 318: 1954.971 - 1959.970
        Interval 319: 1959.971 - 1964.970
        Interval 320: 1964.971 - 1969.970
        Interval 321: 1969.971 - 1974.970
        Interval 322: 1974.971 - 1979.970
        Interval 323: 1979.971 - 1984.970
        Interval 324: 1984.971 - 1989.970
        Interval 325: 1989.971 - 1994.970
        Interval 326: 1994.971 - 1999.970
        Interval 327: 1999.971 - 2005.212
        Interval 328: 2043.703 - 2048.702
        Interval 329: 2048.703 - 2053.702
        Interval 330: 2053.703 - 2058.702
        Interval 331: 2058.703 - 2063.702
        Interval 332: 2063.703 - 2068.702
        Interval 333: 2068.703 - 2073.702
        Interval 334: 2073.703 - 2078.702
        Interval 335: 2078.703 - 2083.702
        Interval 336: 2083.703 - 2088.702
        Interval 337: 2088.703 - 2093.702
        Interval 338: 2093.703 - 2098.702
        Interval 339: 2098.703 - 2103.702
        Interval 340: 2103.703 - 2108.702
        Interval 341: 2108.703 - 2113.702
        Interval 342: 2113.703 - 2118.702
        Interval 343: 2118.703 - 2123.702
        Interval 344: 2123.703 - 2128.702
        Interval 345: 2128.703 - 2133.702
        Interval 346: 2133.703 - 2138.702
        Interval 347: 2138.703 - 2143.702
        Interval 348: 2143.703 - 2148.702
        Interval 349: 2148.703 - 2153.702
        Interval 350: 2153.703 - 2158.702
        Interval 351: 2158.703 - 2163.702
        Interval 352: 2163.703 - 2168.702
        Interval 353: 2168.703 - 2173.702
        Interval 354: 2173.703 - 2178.702
        Interval 355: 2178.703 - 2183.702
        Interval 356: 2183.703 - 2188.702
        Interval 357: 2188.703 - 2193.702
        Interval 358: 2193.703 - 2198.702
        Interval 359: 2198.703 - 2203.702
        Interval 360: 2203.703 - 2208.702
        Interval 361: 2208.703 - 2213.702
        Interval 362: 2213.703 - 2218.702
        Interval 363: 2218.703 - 2223.702
        Interval 364: 2223.703 - 2228.702
        Interval 365: 2228.703 - 2233.702
        Interval 366: 2233.703 - 2238.702
        Interval 367: 2238.703 - 2243.702
        Interval 368: 2243.703 - 2248.702
        Interval 369: 2248.703 - 2253.702
        Interval 370: 2253.703 - 2258.702
        Interval 371: 2258.703 - 2263.702
        Interval 372: 2263.703 - 2268.702
        Interval 373: 2268.703 - 2273.702
        Interval 374: 2273.703 - 2278.702
        Interval 375: 2278.703 - 2283.702
        Interval 376: 2283.703 - 2288.702
        Interval 377: 2288.703 - 2293.702
        Interval 378: 2293.703 - 2298.702
        Interval 379: 2298.703 - 2303.702
        Interval 380: 2303.703 - 2308.702
        Interval 381: 2308.703 - 2313.702
        Interval 382: 2313.703 - 2318.702
        Interval 383: 2318.703 - 2323.702
        Interval 384: 2323.703 - 2328.702
        Interval 385: 2328.703 - 2333.702
        Interval 386: 2333.703 - 2338.702
        Interval 387: 2338.703 - 2343.702
        Interval 388: 2343.703 - 2348.702
        Interval 389: 2348.703 - 2353.702
        Interval 390: 2353.703 - 2358.702
        Interval 391: 2358.703 - 2363.702
        Interval 392: 2363.703 - 2368.702
        Interval 393: 2368.703 - 2377.863
        Interval 394: 2435.609 - 2440.608
        Interval 395: 2440.609 - 2445.608
        Interval 396: 2445.609 - 2450.608
        Interval 397: 2450.609 - 2455.608
        Interval 398: 2455.609 - 2460.608
        Interval 399: 2460.609 - 2465.608
        Interval 400: 2465.609 - 2470.608
        Interval 401: 2470.609 - 2475.608
        Interval 402: 2475.609 - 2480.608
        Interval 403: 2480.609 - 2485.608
        Interval 404: 2485.609 - 2490.608
        Interval 405: 2490.609 - 2495.608
        Interval 406: 2495.609 - 2500.608
        Interval 407: 2500.609 - 2505.608
        Interval 408: 2505.609 - 2510.608
        Interval 409: 2510.609 - 2515.608
        Interval 410: 2515.609 - 2520.608
        Interval 411: 2520.609 - 2525.608
        Interval 412: 2525.609 - 2530.608
        Interval 413: 2530.609 - 2535.608
        Interval 414: 2535.609 - 2540.608
        Interval 415: 2540.609 - 2545.608
        Interval 416: 2545.609 - 2550.608
        Interval 417: 2550.609 - 2555.608
        Interval 418: 2555.609 - 2560.608
        Interval 419: 2560.609 - 2565.608
        Interval 420: 2565.609 - 2570.608
        Interval 421: 2570.609 - 2575.608
        Interval 422: 2575.609 - 2580.608
        Interval 423: 2580.609 - 2585.608
        Interval 424: 2585.609 - 2590.608
        Interval 425: 2590.609 - 2595.608
        Interval 426: 2595.609 - 2600.608
        Interval 427: 2600.609 - 2605.608
        Interval 428: 2605.609 - 2610.608
        Interval 429: 2610.609 - 2615.608
        Interval 430: 2615.609 - 2620.608
        Interval 431: 2620.609 - 2625.608
        Interval 432: 2625.609 - 2630.608
        Interval 433: 2630.609 - 2635.608
        Interval 434: 2635.609 - 2640.608
        Interval 435: 2640.609 - 2645.608
        Interval 436: 2645.609 - 2650.608
        Interval 437: 2650.609 - 2655.608
        Interval 438: 2655.609 - 2660.608
        Interval 439: 2660.609 - 2665.608
        Interval 440: 2665.609 - 2670.608
        Interval 441: 2670.609 - 2675.608
        Interval 442: 2675.609 - 2680.608
        Interval 443: 2680.609 - 2685.608
        Interval 444: 2685.609 - 2690.608
        Interval 445: 2690.609 - 2695.608
        Interval 446: 2695.609 - 2700.608
        Interval 447: 2700.609 - 2705.608
        Interval 448: 2705.609 - 2710.608
        Interval 449: 2710.609 - 2715.608
        Interval 450: 2715.609 - 2720.608
        Interval 451: 2720.609 - 2725.608
        Interval 452: 2725.609 - 2730.608
        Interval 453: 2730.609 - 2735.608
        Interval 454: 2735.609 - 2740.608
        Interval 455: 2740.609 - 2745.608
        Interval 456: 2745.609 - 2750.608
        Interval 457: 2750.609 - 2755.608
        Interval 458: 2755.609 - 2765.340
        Interval 459: 2790.758 - 2795.757
        Interval 460: 2795.758 - 2800.757
        Interval 461: 2800.758 - 2805.757
        Interval 462: 2805.758 - 2810.757
        Interval 463: 2810.758 - 2815.757
        Interval 464: 2815.758 - 2820.757
        Interval 465: 2820.758 - 2825.757
        Interval 466: 2825.758 - 2830.757
        Interval 467: 2830.758 - 2835.757
        Interval 468: 2835.758 - 2840.757
        Interval 469: 2840.758 - 2845.757
        Interval 470: 2845.758 - 2850.757
        Interval 471: 2850.758 - 2855.757
        Interval 472: 2855.758 - 2860.757
        Interval 473: 2860.758 - 2865.757
        Interval 474: 2865.758 - 2870.757
        Interval 475: 2870.758 - 2875.757
        Interval 476: 2875.758 - 2880.757
        Interval 477: 2880.758 - 2885.757
        Interval 478: 2885.758 - 2890.757
        Interval 479: 2890.758 - 2895.757
        Interval 480: 2895.758 - 2900.757
        Interval 481: 2900.758 - 2905.757
        Interval 482: 2905.758 - 2910.757
        Interval 483: 2910.758 - 2915.757
        Interval 484: 2915.758 - 2920.757
        Interval 485: 2920.758 - 2925.757
        Interval 486: 2925.758 - 2930.757
        Interval 487: 2930.758 - 2935.757
        Interval 488: 2935.758 - 2940.757
        Interval 489: 2940.758 - 2945.757
        Interval 490: 2945.758 - 2950.757
        Interval 491: 2950.758 - 2955.757
        Interval 492: 2955.758 - 2960.757
        Interval 493: 2960.758 - 2965.757
        Interval 494: 2965.758 - 2970.757
        Interval 495: 2970.758 - 2975.757
        Interval 496: 2975.758 - 2980.757
        Interval 497: 2980.758 - 2985.757
        Interval 498: 2985.758 - 2990.757
        Interval 499: 2990.758 - 2995.757
        Interval 500: 2995.758 - 3000.757
        Interval 501: 3000.758 - 3005.757
        Interval 502: 3005.758 - 3010.757
        Interval 503: 3010.758 - 3015.757
        Interval 504: 3015.758 - 3020.757
        Interval 505: 3020.758 - 3025.757
        Interval 506: 3025.758 - 3030.757
        Interval 507: 3030.758 - 3035.757
        Interval 508: 3035.758 - 3040.757
        Interval 509: 3040.758 - 3045.757
        Interval 510: 3045.758 - 3050.757
        Interval 511: 3050.758 - 3055.757
        Interval 512: 3055.758 - 3060.757
        Interval 513: 3060.758 - 3065.757
        Interval 514: 3065.758 - 3070.757
        Interval 515: 3070.758 - 3075.757
        Interval 516: 3075.758 - 3080.757
        Interval 517: 3080.758 - 3085.757
        Interval 518: 3085.758 - 3090.757
        Interval 519: 3090.758 - 3095.757
        Interval 520: 3095.758 - 3100.757
        Interval 521: 3100.758 - 3105.757
        Interval 522: 3105.758 - 3110.757
        Interval 523: 3110.758 - 3115.757
        Interval 524: 3115.758 - 3120.757
        Interval 525: 3120.758 - 3126.617
    Static bad channels:  ['MEG0531', 'MEG1221', 'MEG1222', 'MEG1223', 'MEG1322', 'MEG1323', 'MEG1412', 'MEG1413', 'MEG2311']
    Static flat channels: []
[done]
noisy = ['MEG0531', 'MEG1221', 'MEG1222', 'MEG1223', 'MEG1322', 'MEG1323', 'MEG1412', 'MEG1413', 'MEG2311']
flat =  []
102 of 102 magnetometer types replaced with T3.
Setting 495900 of 3140000 (15.79%) samples to NaN, retaining 2644100 (84.21%) samples.
Effective window size : 5.000 (s)
[Parallel(n_jobs=1)]: Using backend SequentialBackend with 1 concurrent workers.
[Parallel(n_jobs=1)]: Done   1 out of   1 | elapsed:    8.0s remaining:    0.0s
[Parallel(n_jobs=1)]: Done   1 out of   1 | elapsed:    8.0s finished
Setting 495900 of 3140000 (15.79%) samples to NaN, retaining 2644100 (84.21%) samples.
Effective window size : 5.000 (s)
[Parallel(n_jobs=1)]: Using backend SequentialBackend with 1 concurrent workers.
[Parallel(n_jobs=1)]: Done   1 out of   1 | elapsed:    4.0s remaining:    0.0s
[Parallel(n_jobs=1)]: Done   1 out of   1 | elapsed:    4.0s finished
Maxwell filtering raw data
    Bad MEG channels being reconstructed: ['MEG0531', 'MEG1221', 'MEG1222', 'MEG1223', 'MEG1322', 'MEG1323', 'MEG1412', 'MEG1413', 'MEG2311']
    Processing 204 gradiometers and 102 magnetometers
    Using fine calibration sss_cal_SA.dat
        Adjusting non-orthogonal EX and EY
        Adjusted coil positions by (μ ± σ): 0.3° ± 0.3° (max: 1.7°)
    Automatic origin fit: head of radius 92.9 mm
    Using origin -2.3, 7.4, 44.2 mm in the head frame
        Using 88/95 harmonic components for    0.000  (73/80 in, 15/15 out)
    Using loaded raw data
    Processing 261 data chunks
[done]
Setting 495900 of 3140000 (15.79%) samples to NaN, retaining 2644100 (84.21%) samples.
Effective window size : 5.000 (s)
[Parallel(n_jobs=1)]: Using backend SequentialBackend with 1 concurrent workers.
[Parallel(n_jobs=1)]: Done   1 out of   1 | elapsed:    8.5s remaining:    0.0s
[Parallel(n_jobs=1)]: Done   1 out of   1 | elapsed:    8.5s finished
Setting 495900 of 3140000 (15.79%) samples to NaN, retaining 2644100 (84.21%) samples.
Effective window size : 5.000 (s)
[Parallel(n_jobs=1)]: Using backend SequentialBackend with 1 concurrent workers.
[Parallel(n_jobs=1)]: Done   1 out of   1 | elapsed:    4.4s remaining:    0.0s
[Parallel(n_jobs=1)]: Done   1 out of   1 | elapsed:    4.4s finished
Filtering raw data in 1 contiguous segment
Setting up low-pass filter at 1e+02 Hz

FIR filter parameters
---------------------
Designing a one-pass, zero-phase, non-causal lowpass filter:
- Windowed time-domain design (firwin) method
- Hamming window with 0.0194 passband ripple and 53 dB stopband attenuation
- Upper passband edge: 100.00 Hz
- Upper transition bandwidth: 25.00 Hz (-6 dB cutoff frequency: 112.50 Hz)
- Filter length: 133 samples (0.133 sec)

[Parallel(n_jobs=1)]: Using backend SequentialBackend with 1 concurrent workers.
[Parallel(n_jobs=1)]: Done   1 out of   1 | elapsed:    0.1s remaining:    0.0s
[Parallel(n_jobs=1)]: Done   2 out of   2 | elapsed:    0.3s remaining:    0.0s
[Parallel(n_jobs=1)]: Done   3 out of   3 | elapsed:    0.4s remaining:    0.0s
[Parallel(n_jobs=1)]: Done   4 out of   4 | elapsed:    0.5s remaining:    0.0s
[Parallel(n_jobs=1)]: Done 306 out of 306 | elapsed:   39.1s finished
Filtering raw data in 1 contiguous segment
Setting up band-pass filter from 1.1e+02 - 1.4e+02 Hz

FIR filter parameters
---------------------
Designing a one-pass, zero-phase, non-causal bandpass filter:
- Windowed time-domain design (firwin) method
- Hamming window with 0.0194 passband ripple and 53 dB stopband attenuation
- Lower passband edge: 110.00
- Lower transition bandwidth: 27.50 Hz (-6 dB cutoff frequency: 96.25 Hz)
- Upper passband edge: 140.00 Hz
- Upper transition bandwidth: 35.00 Hz (-6 dB cutoff frequency: 157.50 Hz)
- Filter length: 121 samples (0.121 sec)

[Parallel(n_jobs=1)]: Using backend SequentialBackend with 1 concurrent workers.
[Parallel(n_jobs=1)]: Done   1 out of   1 | elapsed:    0.1s remaining:    0.0s
[Parallel(n_jobs=1)]: Done   2 out of   2 | elapsed:    0.2s remaining:    0.0s
[Parallel(n_jobs=1)]: Done   3 out of   3 | elapsed:    0.4s remaining:    0.0s
[Parallel(n_jobs=1)]: Done   4 out of   4 | elapsed:    0.5s remaining:    0.0s
[Parallel(n_jobs=1)]: Done 102 out of 102 | elapsed:   12.7s finished
Setting 495900 of 3140000 (15.79%) samples to NaN, retaining 2644100 (84.21%) samples.
Setting up low-pass filter at 4 Hz

FIR filter parameters
---------------------
Designing a one-pass, zero-phase, non-causal lowpass filter:
- Windowed time-domain design (firwin) method
- Hamming window with 0.0194 passband ripple and 53 dB stopband attenuation
- Upper passband edge: 4.00 Hz
- Upper transition bandwidth: 2.00 Hz (-6 dB cutoff frequency: 5.00 Hz)
- Filter length: 1651 samples (1.651 sec)

[Parallel(n_jobs=1)]: Using backend SequentialBackend with 1 concurrent workers.
[Parallel(n_jobs=1)]: Done   1 out of   1 | elapsed:    0.1s remaining:    0.0s
[Parallel(n_jobs=1)]: Done   1 out of   1 | elapsed:    0.1s finished
/rds/projects/k/kowalcau-opm-recordings/cross_modal_project/analysis/Part_PrePros.py:113: RuntimeWarning: This filename (/rds/projects/k/kowalcau-opm-recordings/cross_modal_project/221110/proccessed/max_wo_head/full_max_wo_head_ann-1.fif) does not conform to MNE naming conventions. All raw files should end with raw.fif, raw_sss.fif, raw_tsss.fif, _meg.fif, _eeg.fif, _ieeg.fif, raw.fif.gz, raw_sss.fif.gz, raw_tsss.fif.gz, _meg.fif.gz, _eeg.fif.gz or _ieeg.fif.gz
  data_fltrd.save(path_file_results,overwrite=True)
Overwriting existing file.
Writing /rds/projects/k/kowalcau-opm-recordings/cross_modal_project/221110/proccessed/max_wo_head/full_max_wo_head_ann-1.fif
Overwriting existing file.
Writing /rds/projects/k/kowalcau-opm-recordings/cross_modal_project/221110/proccessed/max_wo_head/full_max_wo_head_ann-1-1.fif
Overwriting existing file.
Writing /rds/projects/k/kowalcau-opm-recordings/cross_modal_project/221110/proccessed/max_wo_head/full_max_wo_head_ann-1-2.fif
Closing /rds/projects/k/kowalcau-opm-recordings/cross_modal_project/221110/proccessed/max_wo_head/full_max_wo_head_ann-1-2.fif
Closing /rds/projects/k/kowalcau-opm-recordings/cross_modal_project/221110/proccessed/max_wo_head/full_max_wo_head_ann-1-1.fif
Closing /rds/projects/k/kowalcau-opm-recordings/cross_modal_project/221110/proccessed/max_wo_head/full_max_wo_head_ann-1.fif
[done]
Opening raw data file /rds/projects/k/kowalcau-opm-recordings/cross_modal_project/221110/full.fif...
/rds/projects/k/kowalcau-opm-recordings/cross_modal_project/analysis/Part_PrePros.py:25: RuntimeWarning: This filename (/rds/projects/k/kowalcau-opm-recordings/cross_modal_project/221110/full.fif) does not conform to MNE naming conventions. All raw files should end with raw.fif, raw_sss.fif, raw_tsss.fif, _meg.fif, _eeg.fif, _ieeg.fif, raw.fif.gz, raw_sss.fif.gz, raw_tsss.fif.gz, _meg.fif.gz, _eeg.fif.gz or _ieeg.fif.gz
  data_raw = mne.io.read_raw_fif(path_data, allow_maxshield=True,preload=True,verbose=True)
    Read a total of 8 projection items:
        generated with autossp-1.2.0 (1 x 306)  idle
        generated with autossp-1.2.0 (1 x 306)  idle
        generated with autossp-1.2.0 (1 x 306)  idle
        generated with autossp-1.2.0 (1 x 306)  idle
        generated with autossp-1.2.0 (1 x 306)  idle
        generated with autossp-1.2.0 (1 x 306)  idle
        generated with autossp-1.2.0 (1 x 306)  idle
        generated with autossp-1.2.0 (1 x 306)  idle
    Range : 10000 ... 1475999 =     10.000 ...  1475.999 secs
Ready.
Opening raw data file /rds/projects/k/kowalcau-opm-recordings/cross_modal_project/221110/full-1.fif...
    Read a total of 8 projection items:
        generated with autossp-1.2.0 (1 x 306)  idle
        generated with autossp-1.2.0 (1 x 306)  idle
        generated with autossp-1.2.0 (1 x 306)  idle
        generated with autossp-1.2.0 (1 x 306)  idle
        generated with autossp-1.2.0 (1 x 306)  idle
        generated with autossp-1.2.0 (1 x 306)  idle
        generated with autossp-1.2.0 (1 x 306)  idle
        generated with autossp-1.2.0 (1 x 306)  idle
    Range : 1476000 ... 2941999 =   1476.000 ...  2941.999 secs
Ready.
Opening raw data file /rds/projects/k/kowalcau-opm-recordings/cross_modal_project/221110/full-2.fif...
    Read a total of 8 projection items:
        generated with autossp-1.2.0 (1 x 306)  idle
        generated with autossp-1.2.0 (1 x 306)  idle
        generated with autossp-1.2.0 (1 x 306)  idle
        generated with autossp-1.2.0 (1 x 306)  idle
        generated with autossp-1.2.0 (1 x 306)  idle
        generated with autossp-1.2.0 (1 x 306)  idle
        generated with autossp-1.2.0 (1 x 306)  idle
        generated with autossp-1.2.0 (1 x 306)  idle
    Range : 2942000 ... 3149999 =   2942.000 ...  3149.999 secs
Ready.
Reading 0 ... 3139999  =      0.000 ...  3139.999 secs...
/rds/projects/k/kowalcau-opm-recordings/cross_modal_project/analysis/Part_PrePros.py:30: RuntimeWarning: This filename (/rds/projects/k/kowalcau-opm-recordings/cross_modal_project/221110/proccessed/full_eve-all-new.fif) does not conform to MNE naming conventions. All events files should end with .eve, -eve.fif, -eve.fif.gz, -eve.lst, -eve.txt, _eve.fif, _eve.fif.gz, _eve.lst, _eve.txt or -annot.fif
  events = mne.read_events(filename_events, verbose=True)

Detected 11 break periods of >= 7 sec duration:
    0.0 – 212.9 sec [212.9 sec]
    546.1 – 575.1 sec [28.9 sec]
    904.1 – 917.2 sec [13.1 sec]
    912.3 – 947.0 sec [34.7 sec]
    1273.0 – 1306.8 sec [33.8 sec]
    1637.6 – 1680.0 sec [42.3 sec]
    2005.2 – 2043.7 sec [38.5 sec]
    2377.9 – 2395.9 sec [18.0 sec]
    2391.0 – 2435.6 sec [44.6 sec]
    2765.3 – 2790.8 sec [25.4 sec]
    3126.6 – 3140.0 sec [13.4 sec]
In total, 16.1% of the data (505.7 sec) have been marked as a break.

Applying low-pass filter with 40.0 Hz cutoff frequency ...
Filtering raw data in 1 contiguous segment
Setting up low-pass filter at 40 Hz

FIR filter parameters
---------------------
Designing a one-pass, zero-phase, non-causal lowpass filter:
- Windowed time-domain design (firwin) method
- Hamming window with 0.0194 passband ripple and 53 dB stopband attenuation
- Upper passband edge: 40.00 Hz
- Upper transition bandwidth: 10.00 Hz (-6 dB cutoff frequency: 45.00 Hz)
- Filter length: 331 samples (0.331 sec)

[Parallel(n_jobs=1)]: Using backend SequentialBackend with 1 concurrent workers.
[Parallel(n_jobs=1)]: Done   1 out of   1 | elapsed:    0.1s remaining:    0.0s
[Parallel(n_jobs=1)]: Done   2 out of   2 | elapsed:    0.1s remaining:    0.0s
[Parallel(n_jobs=1)]: Done   3 out of   3 | elapsed:    0.2s remaining:    0.0s
[Parallel(n_jobs=1)]: Done   4 out of   4 | elapsed:    0.3s remaining:    0.0s
[Parallel(n_jobs=1)]: Done 306 out of 306 | elapsed:   21.6s finished
Scanning for bad channels in 525 intervals (5.0 sec) ...
102 of 102 magnetometer types replaced with T3.
    No bad MEG channels
    Processing 204 gradiometers and 102 magnetometers
    Using fine calibration sss_cal_SA.dat
        Adjusting non-orthogonal EX and EY
        Adjusted coil positions by (μ ± σ): 0.3° ± 0.3° (max: 1.7°)
    Automatic origin fit: head of radius 92.9 mm
    Using origin -2.3, 7.4, 44.2 mm in the head frame
        Interval   1:  212.907 -  217.906
        Interval   2:  217.907 -  222.906
        Interval   3:  222.907 -  227.906
        Interval   4:  227.907 -  232.906
        Interval   5:  232.907 -  237.906
        Interval   6:  237.907 -  242.906
        Interval   7:  242.907 -  247.906
        Interval   8:  247.907 -  252.906
        Interval   9:  252.907 -  257.906
        Interval  10:  257.907 -  262.906
        Interval  11:  262.907 -  267.906
        Interval  12:  267.907 -  272.906
        Interval  13:  272.907 -  277.906
        Interval  14:  277.907 -  282.906
        Interval  15:  282.907 -  287.906
        Interval  16:  287.907 -  292.906
        Interval  17:  292.907 -  297.906
        Interval  18:  297.907 -  302.906
        Interval  19:  302.907 -  307.906
        Interval  20:  307.907 -  312.906
        Interval  21:  312.907 -  317.906
        Interval  22:  317.907 -  322.906
        Interval  23:  322.907 -  327.906
        Interval  24:  327.907 -  332.906
        Interval  25:  332.907 -  337.906
        Interval  26:  337.907 -  342.906
        Interval  27:  342.907 -  347.906
        Interval  28:  347.907 -  352.906
        Interval  29:  352.907 -  357.906
        Interval  30:  357.907 -  362.906
        Interval  31:  362.907 -  367.906
        Interval  32:  367.907 -  372.906
        Interval  33:  372.907 -  377.906
        Interval  34:  377.907 -  382.906
        Interval  35:  382.907 -  387.906
        Interval  36:  387.907 -  392.906
        Interval  37:  392.907 -  397.906
        Interval  38:  397.907 -  402.906
        Interval  39:  402.907 -  407.906
        Interval  40:  407.907 -  412.906
        Interval  41:  412.907 -  417.906
        Interval  42:  417.907 -  422.906
        Interval  43:  422.907 -  427.906
        Interval  44:  427.907 -  432.906
        Interval  45:  432.907 -  437.906
        Interval  46:  437.907 -  442.906
        Interval  47:  442.907 -  447.906
        Interval  48:  447.907 -  452.906
        Interval  49:  452.907 -  457.906
        Interval  50:  457.907 -  462.906
        Interval  51:  462.907 -  467.906
        Interval  52:  467.907 -  472.906
        Interval  53:  472.907 -  477.906
        Interval  54:  477.907 -  482.906
        Interval  55:  482.907 -  487.906
        Interval  56:  487.907 -  492.906
        Interval  57:  492.907 -  497.906
        Interval  58:  497.907 -  502.906
        Interval  59:  502.907 -  507.906
        Interval  60:  507.907 -  512.906
        Interval  61:  512.907 -  517.906
        Interval  62:  517.907 -  522.906
        Interval  63:  522.907 -  527.906
        Interval  64:  527.907 -  532.906
        Interval  65:  532.907 -  537.906
        Interval  66:  537.907 -  546.146
        Interval  67:  575.071 -  580.070
        Interval  68:  580.071 -  585.070
        Interval  69:  585.071 -  590.070
        Interval  70:  590.071 -  595.070
        Interval  71:  595.071 -  600.070
        Interval  72:  600.071 -  605.070
        Interval  73:  605.071 -  610.070
        Interval  74:  610.071 -  615.070
        Interval  75:  615.071 -  620.070
        Interval  76:  620.071 -  625.070
        Interval  77:  625.071 -  630.070
        Interval  78:  630.071 -  635.070
        Interval  79:  635.071 -  640.070
        Interval  80:  640.071 -  645.070
        Interval  81:  645.071 -  650.070
        Interval  82:  650.071 -  655.070
        Interval  83:  655.071 -  660.070
        Interval  84:  660.071 -  665.070
        Interval  85:  665.071 -  670.070
        Interval  86:  670.071 -  675.070
        Interval  87:  675.071 -  680.070
        Interval  88:  680.071 -  685.070
        Interval  89:  685.071 -  690.070
        Interval  90:  690.071 -  695.070
        Interval  91:  695.071 -  700.070
        Interval  92:  700.071 -  705.070
        Interval  93:  705.071 -  710.070
        Interval  94:  710.071 -  715.070
        Interval  95:  715.071 -  720.070
        Interval  96:  720.071 -  725.070
        Interval  97:  725.071 -  730.070
        Interval  98:  730.071 -  735.070
        Interval  99:  735.071 -  740.070
        Interval 100:  740.071 -  745.070
        Interval 101:  745.071 -  750.070
        Interval 102:  750.071 -  755.070
        Interval 103:  755.071 -  760.070
        Interval 104:  760.071 -  765.070
        Interval 105:  765.071 -  770.070
        Interval 106:  770.071 -  775.070
        Interval 107:  775.071 -  780.070
        Interval 108:  780.071 -  785.070
        Interval 109:  785.071 -  790.070
        Interval 110:  790.071 -  795.070
        Interval 111:  795.071 -  800.070
        Interval 112:  800.071 -  805.070
        Interval 113:  805.071 -  810.070
        Interval 114:  810.071 -  815.070
        Interval 115:  815.071 -  820.070
        Interval 116:  820.071 -  825.070
        Interval 117:  825.071 -  830.070
        Interval 118:  830.071 -  835.070
        Interval 119:  835.071 -  840.070
        Interval 120:  840.071 -  845.070
        Interval 121:  845.071 -  850.070
        Interval 122:  850.071 -  855.070
        Interval 123:  855.071 -  860.070
        Interval 124:  860.071 -  865.070
        Interval 125:  865.071 -  870.070
        Interval 126:  870.071 -  875.070
        Interval 127:  875.071 -  880.070
        Interval 128:  880.071 -  885.070
        Interval 129:  885.071 -  890.070
        Interval 130:  890.071 -  895.070
        Interval 131:  895.071 -  904.118
        Interval 132:  946.994 -  951.993
        Interval 133:  951.994 -  956.993
        Interval 134:  956.994 -  961.993
        Interval 135:  961.994 -  966.993
        Interval 136:  966.994 -  971.993
        Interval 137:  971.994 -  976.993
        Interval 138:  976.994 -  981.993
        Interval 139:  981.994 -  986.993
        Interval 140:  986.994 -  991.993
        Interval 141:  991.994 -  996.993
        Interval 142:  996.994 - 1001.993
        Interval 143: 1001.994 - 1006.993
        Interval 144: 1006.994 - 1011.993
        Interval 145: 1011.994 - 1016.993
        Interval 146: 1016.994 - 1021.993
        Interval 147: 1021.994 - 1026.993
        Interval 148: 1026.994 - 1031.993
        Interval 149: 1031.994 - 1036.993
        Interval 150: 1036.994 - 1041.993
        Interval 151: 1041.994 - 1046.993
        Interval 152: 1046.994 - 1051.993
        Interval 153: 1051.994 - 1056.993
        Interval 154: 1056.994 - 1061.993
        Interval 155: 1061.994 - 1066.993
        Interval 156: 1066.994 - 1071.993
        Interval 157: 1071.994 - 1076.993
        Interval 158: 1076.994 - 1081.993
        Interval 159: 1081.994 - 1086.993
        Interval 160: 1086.994 - 1091.993
        Interval 161: 1091.994 - 1096.993
        Interval 162: 1096.994 - 1101.993
        Interval 163: 1101.994 - 1106.993
        Interval 164: 1106.994 - 1111.993
        Interval 165: 1111.994 - 1116.993
        Interval 166: 1116.994 - 1121.993
        Interval 167: 1121.994 - 1126.993
        Interval 168: 1126.994 - 1131.993
        Interval 169: 1131.994 - 1136.993
        Interval 170: 1136.994 - 1141.993
        Interval 171: 1141.994 - 1146.993
        Interval 172: 1146.994 - 1151.993
        Interval 173: 1151.994 - 1156.993
        Interval 174: 1156.994 - 1161.993
        Interval 175: 1161.994 - 1166.993
        Interval 176: 1166.994 - 1171.993
        Interval 177: 1171.994 - 1176.993
        Interval 178: 1176.994 - 1181.993
        Interval 179: 1181.994 - 1186.993
        Interval 180: 1186.994 - 1191.993
        Interval 181: 1191.994 - 1196.993
        Interval 182: 1196.994 - 1201.993
        Interval 183: 1201.994 - 1206.993
        Interval 184: 1206.994 - 1211.993
        Interval 185: 1211.994 - 1216.993
        Interval 186: 1216.994 - 1221.993
        Interval 187: 1221.994 - 1226.993
        Interval 188: 1226.994 - 1231.993
        Interval 189: 1231.994 - 1236.993
        Interval 190: 1236.994 - 1241.993
        Interval 191: 1241.994 - 1246.993
        Interval 192: 1246.994 - 1251.993
        Interval 193: 1251.994 - 1256.993
        Interval 194: 1256.994 - 1261.993
        Interval 195: 1261.994 - 1266.993
        Interval 196: 1266.994 - 1272.973
        Interval 197: 1306.806 - 1311.805
        Interval 198: 1311.806 - 1316.805
        Interval 199: 1316.806 - 1321.805
        Interval 200: 1321.806 - 1326.805
        Interval 201: 1326.806 - 1331.805
        Interval 202: 1331.806 - 1336.805
        Interval 203: 1336.806 - 1341.805
        Interval 204: 1341.806 - 1346.805
        Interval 205: 1346.806 - 1351.805
        Interval 206: 1351.806 - 1356.805
        Interval 207: 1356.806 - 1361.805
        Interval 208: 1361.806 - 1366.805
        Interval 209: 1366.806 - 1371.805
        Interval 210: 1371.806 - 1376.805
        Interval 211: 1376.806 - 1381.805
        Interval 212: 1381.806 - 1386.805
        Interval 213: 1386.806 - 1391.805
        Interval 214: 1391.806 - 1396.805
        Interval 215: 1396.806 - 1401.805
        Interval 216: 1401.806 - 1406.805
        Interval 217: 1406.806 - 1411.805
        Interval 218: 1411.806 - 1416.805
        Interval 219: 1416.806 - 1421.805
        Interval 220: 1421.806 - 1426.805
        Interval 221: 1426.806 - 1431.805
        Interval 222: 1431.806 - 1436.805
        Interval 223: 1436.806 - 1441.805
        Interval 224: 1441.806 - 1446.805
        Interval 225: 1446.806 - 1451.805
        Interval 226: 1451.806 - 1456.805
        Interval 227: 1456.806 - 1461.805
        Interval 228: 1461.806 - 1466.805
        Interval 229: 1466.806 - 1471.805
        Interval 230: 1471.806 - 1476.805
        Interval 231: 1476.806 - 1481.805
        Interval 232: 1481.806 - 1486.805
        Interval 233: 1486.806 - 1491.805
        Interval 234: 1491.806 - 1496.805
        Interval 235: 1496.806 - 1501.805
        Interval 236: 1501.806 - 1506.805
        Interval 237: 1506.806 - 1511.805
        Interval 238: 1511.806 - 1516.805
        Interval 239: 1516.806 - 1521.805
        Interval 240: 1521.806 - 1526.805
        Interval 241: 1526.806 - 1531.805
        Interval 242: 1531.806 - 1536.805
        Interval 243: 1536.806 - 1541.805
        Interval 244: 1541.806 - 1546.805
        Interval 245: 1546.806 - 1551.805
        Interval 246: 1551.806 - 1556.805
        Interval 247: 1556.806 - 1561.805
        Interval 248: 1561.806 - 1566.805
        Interval 249: 1566.806 - 1571.805
        Interval 250: 1571.806 - 1576.805
        Interval 251: 1576.806 - 1581.805
        Interval 252: 1581.806 - 1586.805
        Interval 253: 1586.806 - 1591.805
        Interval 254: 1591.806 - 1596.805
        Interval 255: 1596.806 - 1601.805
        Interval 256: 1601.806 - 1606.805
        Interval 257: 1606.806 - 1611.805
        Interval 258: 1611.806 - 1616.805
        Interval 259: 1616.806 - 1621.805
        Interval 260: 1621.806 - 1626.805
        Interval 261: 1626.806 - 1631.805
        Interval 262: 1631.806 - 1637.641
        Interval 263: 1679.971 - 1684.970
        Interval 264: 1684.971 - 1689.970
        Interval 265: 1689.971 - 1694.970
        Interval 266: 1694.971 - 1699.970
        Interval 267: 1699.971 - 1704.970
        Interval 268: 1704.971 - 1709.970
        Interval 269: 1709.971 - 1714.970
        Interval 270: 1714.971 - 1719.970
        Interval 271: 1719.971 - 1724.970
        Interval 272: 1724.971 - 1729.970
        Interval 273: 1729.971 - 1734.970
        Interval 274: 1734.971 - 1739.970
        Interval 275: 1739.971 - 1744.970
        Interval 276: 1744.971 - 1749.970
        Interval 277: 1749.971 - 1754.970
        Interval 278: 1754.971 - 1759.970
        Interval 279: 1759.971 - 1764.970
        Interval 280: 1764.971 - 1769.970
        Interval 281: 1769.971 - 1774.970
        Interval 282: 1774.971 - 1779.970
        Interval 283: 1779.971 - 1784.970
        Interval 284: 1784.971 - 1789.970
        Interval 285: 1789.971 - 1794.970
        Interval 286: 1794.971 - 1799.970
        Interval 287: 1799.971 - 1804.970
        Interval 288: 1804.971 - 1809.970
        Interval 289: 1809.971 - 1814.970
        Interval 290: 1814.971 - 1819.970
        Interval 291: 1819.971 - 1824.970
        Interval 292: 1824.971 - 1829.970
        Interval 293: 1829.971 - 1834.970
        Interval 294: 1834.971 - 1839.970
        Interval 295: 1839.971 - 1844.970
        Interval 296: 1844.971 - 1849.970
        Interval 297: 1849.971 - 1854.970
        Interval 298: 1854.971 - 1859.970
        Interval 299: 1859.971 - 1864.970
        Interval 300: 1864.971 - 1869.970
        Interval 301: 1869.971 - 1874.970
        Interval 302: 1874.971 - 1879.970
        Interval 303: 1879.971 - 1884.970
        Interval 304: 1884.971 - 1889.970
        Interval 305: 1889.971 - 1894.970
        Interval 306: 1894.971 - 1899.970
        Interval 307: 1899.971 - 1904.970
        Interval 308: 1904.971 - 1909.970
        Interval 309: 1909.971 - 1914.970
        Interval 310: 1914.971 - 1919.970
        Interval 311: 1919.971 - 1924.970
        Interval 312: 1924.971 - 1929.970
        Interval 313: 1929.971 - 1934.970
        Interval 314: 1934.971 - 1939.970
        Interval 315: 1939.971 - 1944.970
        Interval 316: 1944.971 - 1949.970
        Interval 317: 1949.971 - 1954.970
        Interval 318: 1954.971 - 1959.970
        Interval 319: 1959.971 - 1964.970
        Interval 320: 1964.971 - 1969.970
        Interval 321: 1969.971 - 1974.970
        Interval 322: 1974.971 - 1979.970
        Interval 323: 1979.971 - 1984.970
        Interval 324: 1984.971 - 1989.970
        Interval 325: 1989.971 - 1994.970
        Interval 326: 1994.971 - 1999.970
        Interval 327: 1999.971 - 2005.212
        Interval 328: 2043.703 - 2048.702
        Interval 329: 2048.703 - 2053.702
        Interval 330: 2053.703 - 2058.702
        Interval 331: 2058.703 - 2063.702
        Interval 332: 2063.703 - 2068.702
        Interval 333: 2068.703 - 2073.702
        Interval 334: 2073.703 - 2078.702
        Interval 335: 2078.703 - 2083.702
        Interval 336: 2083.703 - 2088.702
        Interval 337: 2088.703 - 2093.702
        Interval 338: 2093.703 - 2098.702
        Interval 339: 2098.703 - 2103.702
        Interval 340: 2103.703 - 2108.702
        Interval 341: 2108.703 - 2113.702
        Interval 342: 2113.703 - 2118.702
        Interval 343: 2118.703 - 2123.702
        Interval 344: 2123.703 - 2128.702
        Interval 345: 2128.703 - 2133.702
        Interval 346: 2133.703 - 2138.702
        Interval 347: 2138.703 - 2143.702
        Interval 348: 2143.703 - 2148.702
        Interval 349: 2148.703 - 2153.702
        Interval 350: 2153.703 - 2158.702
        Interval 351: 2158.703 - 2163.702
        Interval 352: 2163.703 - 2168.702
        Interval 353: 2168.703 - 2173.702
        Interval 354: 2173.703 - 2178.702
        Interval 355: 2178.703 - 2183.702
        Interval 356: 2183.703 - 2188.702
        Interval 357: 2188.703 - 2193.702
        Interval 358: 2193.703 - 2198.702
        Interval 359: 2198.703 - 2203.702
        Interval 360: 2203.703 - 2208.702
        Interval 361: 2208.703 - 2213.702
        Interval 362: 2213.703 - 2218.702
        Interval 363: 2218.703 - 2223.702
        Interval 364: 2223.703 - 2228.702
        Interval 365: 2228.703 - 2233.702
        Interval 366: 2233.703 - 2238.702
        Interval 367: 2238.703 - 2243.702
        Interval 368: 2243.703 - 2248.702
        Interval 369: 2248.703 - 2253.702
        Interval 370: 2253.703 - 2258.702
        Interval 371: 2258.703 - 2263.702
        Interval 372: 2263.703 - 2268.702
        Interval 373: 2268.703 - 2273.702
        Interval 374: 2273.703 - 2278.702
        Interval 375: 2278.703 - 2283.702
        Interval 376: 2283.703 - 2288.702
        Interval 377: 2288.703 - 2293.702
        Interval 378: 2293.703 - 2298.702
        Interval 379: 2298.703 - 2303.702
        Interval 380: 2303.703 - 2308.702
        Interval 381: 2308.703 - 2313.702
        Interval 382: 2313.703 - 2318.702
        Interval 383: 2318.703 - 2323.702
        Interval 384: 2323.703 - 2328.702
        Interval 385: 2328.703 - 2333.702
        Interval 386: 2333.703 - 2338.702
        Interval 387: 2338.703 - 2343.702
        Interval 388: 2343.703 - 2348.702
        Interval 389: 2348.703 - 2353.702
        Interval 390: 2353.703 - 2358.702
        Interval 391: 2358.703 - 2363.702
        Interval 392: 2363.703 - 2368.702
        Interval 393: 2368.703 - 2377.863
        Interval 394: 2435.609 - 2440.608
        Interval 395: 2440.609 - 2445.608
        Interval 396: 2445.609 - 2450.608
        Interval 397: 2450.609 - 2455.608
        Interval 398: 2455.609 - 2460.608
        Interval 399: 2460.609 - 2465.608
        Interval 400: 2465.609 - 2470.608
        Interval 401: 2470.609 - 2475.608
        Interval 402: 2475.609 - 2480.608
        Interval 403: 2480.609 - 2485.608
        Interval 404: 2485.609 - 2490.608
        Interval 405: 2490.609 - 2495.608
        Interval 406: 2495.609 - 2500.608
        Interval 407: 2500.609 - 2505.608
        Interval 408: 2505.609 - 2510.608
        Interval 409: 2510.609 - 2515.608
        Interval 410: 2515.609 - 2520.608
        Interval 411: 2520.609 - 2525.608
        Interval 412: 2525.609 - 2530.608
        Interval 413: 2530.609 - 2535.608
        Interval 414: 2535.609 - 2540.608
        Interval 415: 2540.609 - 2545.608
        Interval 416: 2545.609 - 2550.608
        Interval 417: 2550.609 - 2555.608
        Interval 418: 2555.609 - 2560.608
        Interval 419: 2560.609 - 2565.608
        Interval 420: 2565.609 - 2570.608
        Interval 421: 2570.609 - 2575.608
        Interval 422: 2575.609 - 2580.608
        Interval 423: 2580.609 - 2585.608
        Interval 424: 2585.609 - 2590.608
        Interval 425: 2590.609 - 2595.608
        Interval 426: 2595.609 - 2600.608
        Interval 427: 2600.609 - 2605.608
        Interval 428: 2605.609 - 2610.608
        Interval 429: 2610.609 - 2615.608
        Interval 430: 2615.609 - 2620.608
        Interval 431: 2620.609 - 2625.608
        Interval 432: 2625.609 - 2630.608
        Interval 433: 2630.609 - 2635.608
        Interval 434: 2635.609 - 2640.608
        Interval 435: 2640.609 - 2645.608
        Interval 436: 2645.609 - 2650.608
        Interval 437: 2650.609 - 2655.608
        Interval 438: 2655.609 - 2660.608
        Interval 439: 2660.609 - 2665.608
        Interval 440: 2665.609 - 2670.608
        Interval 441: 2670.609 - 2675.608
        Interval 442: 2675.609 - 2680.608
        Interval 443: 2680.609 - 2685.608
        Interval 444: 2685.609 - 2690.608
        Interval 445: 2690.609 - 2695.608
        Interval 446: 2695.609 - 2700.608
        Interval 447: 2700.609 - 2705.608
        Interval 448: 2705.609 - 2710.608
        Interval 449: 2710.609 - 2715.608
        Interval 450: 2715.609 - 2720.608
        Interval 451: 2720.609 - 2725.608
        Interval 452: 2725.609 - 2730.608
        Interval 453: 2730.609 - 2735.608
        Interval 454: 2735.609 - 2740.608
        Interval 455: 2740.609 - 2745.608
        Interval 456: 2745.609 - 2750.608
        Interval 457: 2750.609 - 2755.608
        Interval 458: 2755.609 - 2765.340
        Interval 459: 2790.758 - 2795.757
        Interval 460: 2795.758 - 2800.757
        Interval 461: 2800.758 - 2805.757
        Interval 462: 2805.758 - 2810.757
        Interval 463: 2810.758 - 2815.757
        Interval 464: 2815.758 - 2820.757
        Interval 465: 2820.758 - 2825.757
        Interval 466: 2825.758 - 2830.757
        Interval 467: 2830.758 - 2835.757
        Interval 468: 2835.758 - 2840.757
        Interval 469: 2840.758 - 2845.757
        Interval 470: 2845.758 - 2850.757
        Interval 471: 2850.758 - 2855.757
        Interval 472: 2855.758 - 2860.757
        Interval 473: 2860.758 - 2865.757
        Interval 474: 2865.758 - 2870.757
        Interval 475: 2870.758 - 2875.757
        Interval 476: 2875.758 - 2880.757
        Interval 477: 2880.758 - 2885.757
        Interval 478: 2885.758 - 2890.757
        Interval 479: 2890.758 - 2895.757
        Interval 480: 2895.758 - 2900.757
        Interval 481: 2900.758 - 2905.757
        Interval 482: 2905.758 - 2910.757
        Interval 483: 2910.758 - 2915.757
        Interval 484: 2915.758 - 2920.757
        Interval 485: 2920.758 - 2925.757
        Interval 486: 2925.758 - 2930.757
        Interval 487: 2930.758 - 2935.757
        Interval 488: 2935.758 - 2940.757
        Interval 489: 2940.758 - 2945.757
        Interval 490: 2945.758 - 2950.757
        Interval 491: 2950.758 - 2955.757
        Interval 492: 2955.758 - 2960.757
        Interval 493: 2960.758 - 2965.757
        Interval 494: 2965.758 - 2970.757
        Interval 495: 2970.758 - 2975.757
        Interval 496: 2975.758 - 2980.757
        Interval 497: 2980.758 - 2985.757
        Interval 498: 2985.758 - 2990.757
        Interval 499: 2990.758 - 2995.757
        Interval 500: 2995.758 - 3000.757
        Interval 501: 3000.758 - 3005.757
        Interval 502: 3005.758 - 3010.757
        Interval 503: 3010.758 - 3015.757
        Interval 504: 3015.758 - 3020.757
        Interval 505: 3020.758 - 3025.757
        Interval 506: 3025.758 - 3030.757
        Interval 507: 3030.758 - 3035.757
        Interval 508: 3035.758 - 3040.757
        Interval 509: 3040.758 - 3045.757
        Interval 510: 3045.758 - 3050.757
        Interval 511: 3050.758 - 3055.757
        Interval 512: 3055.758 - 3060.757
        Interval 513: 3060.758 - 3065.757
        Interval 514: 3065.758 - 3070.757
        Interval 515: 3070.758 - 3075.757
        Interval 516: 3075.758 - 3080.757
        Interval 517: 3080.758 - 3085.757
        Interval 518: 3085.758 - 3090.757
        Interval 519: 3090.758 - 3095.757
        Interval 520: 3095.758 - 3100.757
        Interval 521: 3100.758 - 3105.757
        Interval 522: 3105.758 - 3110.757
        Interval 523: 3110.758 - 3115.757
        Interval 524: 3115.758 - 3120.757
        Interval 525: 3120.758 - 3126.617
    Static bad channels:  ['MEG0531', 'MEG1221', 'MEG1222', 'MEG1223', 'MEG1322', 'MEG1323', 'MEG1412', 'MEG1413', 'MEG2311']
    Static flat channels: []
[done]
noisy = ['MEG0531', 'MEG1221', 'MEG1222', 'MEG1223', 'MEG1322', 'MEG1323', 'MEG1412', 'MEG1413', 'MEG2311']
flat =  []
102 of 102 magnetometer types replaced with T3.
Setting 495900 of 3140000 (15.79%) samples to NaN, retaining 2644100 (84.21%) samples.
Effective window size : 5.000 (s)
[Parallel(n_jobs=1)]: Using backend SequentialBackend with 1 concurrent workers.
[Parallel(n_jobs=1)]: Done   1 out of   1 | elapsed:    7.9s remaining:    0.0s
[Parallel(n_jobs=1)]: Done   1 out of   1 | elapsed:    7.9s finished
Setting 495900 of 3140000 (15.79%) samples to NaN, retaining 2644100 (84.21%) samples.
Effective window size : 5.000 (s)
[Parallel(n_jobs=1)]: Using backend SequentialBackend with 1 concurrent workers.
[Parallel(n_jobs=1)]: Done   1 out of   1 | elapsed:    4.0s remaining:    0.0s
[Parallel(n_jobs=1)]: Done   1 out of   1 | elapsed:    4.0s finished
Traceback (most recent call last):
  File "/rds/projects/k/kowalcau-opm-recordings/cross_modal_project/analysis/Part_PrePros.py", line 141, in <module>
    Cat_all(int(sys.argv[1]))
  File "/rds/projects/k/kowalcau-opm-recordings/cross_modal_project/analysis/Part_PrePros.py", line 115, in Cat_all
    results = Parallel(n_jobs=-1)(delayed(pre_pros_method)(participant,xx) for xx in [1,2,3])
  File "/rds/homes/y/yxb968/.local/lib/python3.9/site-packages/joblib/parallel.py", line 1088, in __call__
    while self.dispatch_one_batch(iterator):
  File "/rds/homes/y/yxb968/.local/lib/python3.9/site-packages/joblib/parallel.py", line 901, in dispatch_one_batch
    self._dispatch(tasks)
  File "/rds/homes/y/yxb968/.local/lib/python3.9/site-packages/joblib/parallel.py", line 819, in _dispatch
    job = self._backend.apply_async(batch, callback=cb)
  File "/rds/homes/y/yxb968/.local/lib/python3.9/site-packages/joblib/_parallel_backends.py", line 208, in apply_async
    result = ImmediateResult(func)
  File "/rds/homes/y/yxb968/.local/lib/python3.9/site-packages/joblib/_parallel_backends.py", line 597, in __init__
    self.results = batch()
  File "/rds/homes/y/yxb968/.local/lib/python3.9/site-packages/joblib/parallel.py", line 288, in __call__
    return [func(*args, **kwargs)
  File "/rds/homes/y/yxb968/.local/lib/python3.9/site-packages/joblib/parallel.py", line 288, in <listcomp>
    return [func(*args, **kwargs)
  File "/rds/projects/k/kowalcau-opm-recordings/cross_modal_project/analysis/Part_PrePros.py", line 84, in pre_pros_method
    head_locs = np.load(path_file)  
  File "/rds/bear-apps/2021b/EL8-ice/software/SciPy-bundle/2021.10-foss-2021b/lib/python3.9/site-packages/numpy/lib/npyio.py", line 417, in load
    fid = stack.enter_context(open(os_fspath(file), "rb"))
FileNotFoundError: [Errno 2] No such file or directory: '/rds/projects/k/kowalcau-opm-recordings/cross_modal_project/221110/proccessed/head_movement/head_movementhead_locs_.npy'
