GCCcore/11.2.0
zlib/1.2.11-GCCcore-11.2.0
binutils/2.37-GCCcore-11.2.0
bzip2/1.0.8-GCCcore-11.2.0
zlib/1.2.11-GCCcore-11.2.0
ncurses/6.2-GCCcore-11.2.0
libreadline/8.1-GCCcore-11.2.0
ncurses/6.2-GCCcore-11.2.0
Tcl/8.6.11-GCCcore-11.2.0
SQLite/3.36-GCCcore-11.2.0
XZ/5.2.5-GCCcore-11.2.0
GMP/6.2.1-GCCcore-11.2.0
libffi/3.4.2-GCCcore-11.2.0
OpenSSL/1.1
Python/3.9.6-GCCcore-11.2.0
GCC/11.2.0
numactl/2.0.14-GCCcore-11.2.0
libxml2/2.9.10-GCCcore-11.2.0
libpciaccess/0.16-GCCcore-11.2.0
hwloc/2.5.0-GCCcore-11.2.0
libevent/2.1.12-GCCcore-11.2.0
UCX/1.11.2-GCCcore-11.2.0
libfabric/1.13.2-GCCcore-11.2.0
PMIx/4.1.0-GCCcore-11.2.0
OpenMPI/4.1.1-GCC-11.2.0
OpenBLAS/0.3.18-GCC-11.2.0
FlexiBLAS/3.0.4-GCC-11.2.0
gompi/2021b
FFTW/3.3.10-gompi-2021b
ScaLAPACK/2.1.0-gompi-2021b-fb
foss/2021b
pybind11/2.7.1-GCCcore-11.2.0
SciPy-bundle/2021.10-foss-2021b
libxslt/1.1.34-GCCcore-11.2.0
libpng/1.6.37-GCCcore-11.2.0
Brotli/1.0.9-GCCcore-11.2.0
freetype/2.11.0-GCCcore-11.2.0
expat/2.4.1-GCCcore-11.2.0
util-linux/2.37-GCCcore-11.2.0
fontconfig/2.13.94-GCCcore-11.2.0
xorg-macros/1.19.3-GCCcore-11.2.0
X11/20210802-GCCcore-11.2.0
Tk/8.6.11-GCCcore-11.2.0
Tkinter/3.9.6-GCCcore-11.2.0
NASM/2.15.05-GCCcore-11.2.0
libjpeg-turbo/2.0.6-GCCcore-11.2.0
jbigkit/2.1-GCCcore-11.2.0
gzip/1.10-GCCcore-11.2.0
lz4/1.9.3-GCCcore-11.2.0
zstd/1.5.0-GCCcore-11.2.0
LibTIFF/4.3.0-GCCcore-11.2.0
Pillow/8.3.2-GCCcore-11.2.0
Qhull/2020.2-GCCcore-11.2.0
matplotlib/3.4.3-foss-2021b
tqdm/4.62.3-GCCcore-11.2.0
scikit-learn/1.0.1-foss-2021b
LLVM/12.0.1-GCCcore-11.2.0
numba/0.54.1-foss-2021b
pydicom/2.2.2-GCCcore-11.2.0
NiBabel/3.2.2-foss-2021b
Szip/2.1.1-GCCcore-11.2.0
HDF5/1.12.1-gompi-2021b
h5py/3.6.0-foss-2021b
imageio/2.13.5-foss-2021b
libdrm/2.4.107-GCCcore-11.2.0
libglvnd/1.3.3-GCCcore-11.2.0
libunwind/1.5.0-GCCcore-11.2.0
Mesa/21.1.7-GCCcore-11.2.0
libGLU/9.0.2-GCCcore-11.2.0
VTK/9.1.0-foss-2021b
MNE-Python/1.1.1-foss-2021b
/rds/projects/k/kowalcau-opm-recordings/cross_modal_project/analysis/Part_supertrials.py:55: RuntimeWarning: This filename (/rds/projects/k/kowalcau-opm-recordings/cross_modal_project/230206/proccessed/no_max/full_no_max_eve-right.fif) does not conform to MNE naming conventions. All events files should end with .eve, -eve.fif, -eve.fif.gz, -eve.lst, -eve.txt, _eve.fif, _eve.fif.gz, _eve.lst, _eve.txt or -annot.fif
  events = mne.read_events(filename_events, verbose=True)
Opening raw data file /rds/projects/k/kowalcau-opm-recordings/cross_modal_project/230206/proccessed/no_max/full_no_max_ann-1-wo-bad-chn.fif...
/rds/projects/k/kowalcau-opm-recordings/cross_modal_project/analysis/Part_supertrials.py:58: RuntimeWarning: This filename (/rds/projects/k/kowalcau-opm-recordings/cross_modal_project/230206/proccessed/no_max/full_no_max_ann-1-wo-bad-chn.fif) does not conform to MNE naming conventions. All raw files should end with raw.fif, raw_sss.fif, raw_tsss.fif, _meg.fif, _eeg.fif, _ieeg.fif, raw.fif.gz, raw_sss.fif.gz, raw_tsss.fif.gz, _meg.fif.gz, _eeg.fif.gz or _ieeg.fif.gz
  raw = mne.io.read_raw_fif(path_file, allow_maxshield=True,verbose=True)
    Read a total of 8 projection items:
        generated with autossp-1.2.0 (1 x 306)  idle
        generated with autossp-1.2.0 (1 x 306)  idle
        generated with autossp-1.2.0 (1 x 306)  idle
        generated with autossp-1.2.0 (1 x 306)  idle
        generated with autossp-1.2.0 (1 x 306)  idle
        generated with autossp-1.2.0 (1 x 306)  idle
        generated with autossp-1.2.0 (1 x 306)  idle
        generated with autossp-1.2.0 (1 x 306)  idle
    Range : 181000 ... 1749999 =    181.000 ...  1749.999 secs
Ready.
Opening raw data file /rds/projects/k/kowalcau-opm-recordings/cross_modal_project/230206/proccessed/no_max/full_no_max_ann-1-wo-bad-chn-1.fif...
    Read a total of 8 projection items:
        generated with autossp-1.2.0 (1 x 306)  idle
        generated with autossp-1.2.0 (1 x 306)  idle
        generated with autossp-1.2.0 (1 x 306)  idle
        generated with autossp-1.2.0 (1 x 306)  idle
        generated with autossp-1.2.0 (1 x 306)  idle
        generated with autossp-1.2.0 (1 x 306)  idle
        generated with autossp-1.2.0 (1 x 306)  idle
        generated with autossp-1.2.0 (1 x 306)  idle
    Range : 1750000 ... 3318999 =   1750.000 ...  3318.999 secs
Ready.
Opening raw data file /rds/projects/k/kowalcau-opm-recordings/cross_modal_project/230206/proccessed/no_max/full_no_max_ann-1-wo-bad-chn-2.fif...
    Read a total of 8 projection items:
        generated with autossp-1.2.0 (1 x 306)  idle
        generated with autossp-1.2.0 (1 x 306)  idle
        generated with autossp-1.2.0 (1 x 306)  idle
        generated with autossp-1.2.0 (1 x 306)  idle
        generated with autossp-1.2.0 (1 x 306)  idle
        generated with autossp-1.2.0 (1 x 306)  idle
        generated with autossp-1.2.0 (1 x 306)  idle
        generated with autossp-1.2.0 (1 x 306)  idle
    Range : 3319000 ... 3532999 =   3319.000 ...  3532.999 secs
Ready.
Not setting metadata
286 matching events found
Applying baseline correction (mode: mean)
Created an SSP operator (subspace dimension = 8)
8 projection items activated
Loading data for 286 events and 1401 original time points ...
18 bad epochs dropped
Not setting metadata
287 matching events found
Applying baseline correction (mode: mean)
Created an SSP operator (subspace dimension = 8)
8 projection items activated
Loading data for 287 events and 1401 original time points ...
16 bad epochs dropped
Not setting metadata
288 matching events found
Applying baseline correction (mode: mean)
Created an SSP operator (subspace dimension = 8)
8 projection items activated
Loading data for 288 events and 1401 original time points ...
17 bad epochs dropped
Not setting metadata
287 matching events found
Applying baseline correction (mode: mean)
Created an SSP operator (subspace dimension = 8)
8 projection items activated
Loading data for 287 events and 1401 original time points ...
17 bad epochs dropped
Not setting metadata
287 matching events found
Applying baseline correction (mode: mean)
Created an SSP operator (subspace dimension = 8)
8 projection items activated
Loading data for 287 events and 1401 original time points ...
9 bad epochs dropped
Not setting metadata
289 matching events found
Applying baseline correction (mode: mean)
Created an SSP operator (subspace dimension = 8)
8 projection items activated
Loading data for 289 events and 1401 original time points ...
14 bad epochs dropped
Traceback (most recent call last):
  File "/rds/projects/k/kowalcau-opm-recordings/cross_modal_project/analysis/Part_supertrials.py", line 111, in <module>
    Epochs_avg=mne.EpochsArray(data=raw_avg,info=epochs['start_000/p'].info,events=events_avg.astype(int),event_id=events_id,tmin=t_start)
  File "<decorator-gen-261>", line 12, in __init__
  File "/rds/bear-apps/2021b/EL8-cas/software/MNE-Python/1.1.1-foss-2021b/lib/python3.9/site-packages/mne/epochs.py", line 2712, in __init__
    raise ValueError('Info and data must have same number of '
ValueError: Info and data must have same number of channels.
