GCCcore/11.2.0
zlib/1.2.11-GCCcore-11.2.0
binutils/2.37-GCCcore-11.2.0
bzip2/1.0.8-GCCcore-11.2.0
zlib/1.2.11-GCCcore-11.2.0
ncurses/6.2-GCCcore-11.2.0
libreadline/8.1-GCCcore-11.2.0
ncurses/6.2-GCCcore-11.2.0
Tcl/8.6.11-GCCcore-11.2.0
SQLite/3.36-GCCcore-11.2.0
XZ/5.2.5-GCCcore-11.2.0
GMP/6.2.1-GCCcore-11.2.0
libffi/3.4.2-GCCcore-11.2.0
OpenSSL/1.1
Python/3.9.6-GCCcore-11.2.0
GCC/11.2.0
numactl/2.0.14-GCCcore-11.2.0
libxml2/2.9.10-GCCcore-11.2.0
libpciaccess/0.16-GCCcore-11.2.0
hwloc/2.5.0-GCCcore-11.2.0
libevent/2.1.12-GCCcore-11.2.0
UCX/1.11.2-GCCcore-11.2.0
libfabric/1.13.2-GCCcore-11.2.0
PMIx/4.1.0-GCCcore-11.2.0
OpenMPI/4.1.1-GCC-11.2.0
OpenBLAS/0.3.18-GCC-11.2.0
FlexiBLAS/3.0.4-GCC-11.2.0
gompi/2021b
FFTW/3.3.10-gompi-2021b
ScaLAPACK/2.1.0-gompi-2021b-fb
foss/2021b
pybind11/2.7.1-GCCcore-11.2.0
SciPy-bundle/2021.10-foss-2021b
libxslt/1.1.34-GCCcore-11.2.0
libpng/1.6.37-GCCcore-11.2.0
Brotli/1.0.9-GCCcore-11.2.0
freetype/2.11.0-GCCcore-11.2.0
expat/2.4.1-GCCcore-11.2.0
util-linux/2.37-GCCcore-11.2.0
fontconfig/2.13.94-GCCcore-11.2.0
xorg-macros/1.19.3-GCCcore-11.2.0
X11/20210802-GCCcore-11.2.0
Tk/8.6.11-GCCcore-11.2.0
Tkinter/3.9.6-GCCcore-11.2.0
NASM/2.15.05-GCCcore-11.2.0
libjpeg-turbo/2.0.6-GCCcore-11.2.0
jbigkit/2.1-GCCcore-11.2.0
gzip/1.10-GCCcore-11.2.0
lz4/1.9.3-GCCcore-11.2.0
zstd/1.5.0-GCCcore-11.2.0
LibTIFF/4.3.0-GCCcore-11.2.0
Pillow/8.3.2-GCCcore-11.2.0
Qhull/2020.2-GCCcore-11.2.0
matplotlib/3.4.3-foss-2021b
tqdm/4.62.3-GCCcore-11.2.0
scikit-learn/1.0.1-foss-2021b
LLVM/12.0.1-GCCcore-11.2.0
numba/0.54.1-foss-2021b
pydicom/2.2.2-GCCcore-11.2.0
NiBabel/3.2.2-foss-2021b
Szip/2.1.1-GCCcore-11.2.0
HDF5/1.12.1-gompi-2021b
h5py/3.6.0-foss-2021b
imageio/2.13.5-foss-2021b
libdrm/2.4.107-GCCcore-11.2.0
libglvnd/1.3.3-GCCcore-11.2.0
libunwind/1.5.0-GCCcore-11.2.0
Mesa/21.1.7-GCCcore-11.2.0
libGLU/9.0.2-GCCcore-11.2.0
VTK/9.1.0-foss-2021b
MNE-Python/1.1.1-foss-2021b
Traceback (most recent call last):
  File "/rds/projects/k/kowalcau-opm-recordings/cross_modal_project/analysis/Part_supertrials.py", line 36, in <module>
    ending = 'ann-1-wo-bad-chn.fif' if xx==1 else 'ann-1.fif'
NameError: name 'xx' is not defined
